mode: set
dnstool/go-server/cmd/server/main.go:33.13,39.23 3 0
dnstool/go-server/cmd/server/main.go:39.23,42.10 2 0
dnstool/go-server/cmd/server/main.go:44.9,47.23 3 0
dnstool/go-server/cmd/server/main.go:47.23,50.10 2 0
dnstool/go-server/cmd/server/main.go:51.9,83.45 23 0
dnstool/go-server/cmd/server/main.go:83.45,85.38 2 0
dnstool/go-server/cmd/server/main.go:85.38,86.75 1 0
dnstool/go-server/cmd/server/main.go:86.75,88.26 1 0
dnstool/go-server/cmd/server/main.go:88.31,90.26 1 0
dnstool/go-server/cmd/server/main.go:92.17,92.58 1 0
dnstool/go-server/cmd/server/main.go:94.9,96.48 3 0
dnstool/go-server/cmd/server/main.go:96.48,99.10 2 0
dnstool/go-server/cmd/server/main.go:100.9,223.37 92 0
dnstool/go-server/cmd/server/main.go:223.37,228.10 4 0
dnstool/go-server/cmd/server/main.go:230.9,230.45 1 0
dnstool/go-server/cmd/server/main.go:230.45,239.69 4 0
dnstool/go-server/cmd/server/main.go:239.69,241.18 1 0
dnstool/go-server/cmd/server/main.go:242.17,242.45 1 0
dnstool/go-server/cmd/server/main.go:242.45,244.18 1 0
dnstool/go-server/cmd/server/main.go:245.17,245.64 1 0
dnstool/go-server/cmd/server/main.go:248.9,267.19 6 0
dnstool/go-server/cmd/server/main.go:267.19,268.91 1 0
dnstool/go-server/cmd/server/main.go:268.91,271.18 2 0
dnstool/go-server/cmd/server/main.go:274.9,283.57 7 0
dnstool/go-server/cmd/server/main.go:283.57,286.10 2 0
dnstool/go-server/cmd/server/main.go:288.9,288.43 1 0
dnstool/go-server/cmd/server/main.go:291.32,297.38 2 0
dnstool/go-server/cmd/server/main.go:297.38,298.72 1 0
dnstool/go-server/cmd/server/main.go:298.72,300.18 1 0
dnstool/go-server/cmd/server/main.go:302.9,303.27 2 0
dnstool/go-server/cmd/server/main.go:306.36,307.122 1 0
dnstool/go-server/cmd/server/main.go:307.122,308.47 1 0
dnstool/go-server/cmd/server/main.go:308.47,310.18 1 0
dnstool/go-server/cmd/server/main.go:312.9,312.21 1 0
dnstool/go-server/cmd/server/main.go:315.29,321.38 2 0
dnstool/go-server/cmd/server/main.go:321.38,322.72 1 0
dnstool/go-server/cmd/server/main.go:322.72,324.18 1 0
dnstool/go-server/cmd/server/main.go:326.9,327.24 2 0
dnstool/go-server/internal/config/config.go:50.30,52.24 2 1
dnstool/go-server/internal/config/config.go:52.24,54.10 1 1
dnstool/go-server/internal/config/config.go:56.9,57.32 2 1
dnstool/go-server/internal/config/config.go:57.32,59.10 1 1
dnstool/go-server/internal/config/config.go:61.9,62.23 2 1
dnstool/go-server/internal/config/config.go:62.23,64.10 1 1
dnstool/go-server/internal/config/config.go:66.9,67.32 2 1
dnstool/go-server/internal/config/config.go:67.32,69.10 1 1
dnstool/go-server/internal/config/config.go:71.9,72.57 2 1
dnstool/go-server/internal/config/config.go:72.57,74.10 1 1
dnstool/go-server/internal/config/config.go:76.9,79.44 3 1
dnstool/go-server/internal/config/config.go:79.44,81.10 1 1
dnstool/go-server/internal/config/config.go:82.9,83.28 2 1
dnstool/go-server/internal/config/config.go:83.28,84.68 1 1
dnstool/go-server/internal/config/config.go:84.68,86.44 2 1
dnstool/go-server/internal/config/config.go:86.44,88.26 1 1
dnstool/go-server/internal/config/config.go:92.9,94.26 3 1
dnstool/go-server/internal/config/config.go:94.26,96.10 1 1
dnstool/go-server/internal/config/config.go:97.9,100.36 3 1
dnstool/go-server/internal/config/config.go:100.36,102.10 1 1
dnstool/go-server/internal/config/config.go:104.9,121.15 1 1
dnstool/go-server/internal/dnsclient/client.go:39.42,41.2 1 0
dnstool/go-server/internal/dnsclient/client.go:89.47,90.32 1 0
dnstool/go-server/internal/dnsclient/client.go:90.32,90.51 1 0
dnstool/go-server/internal/dnsclient/client.go:93.44,94.32 1 0
dnstool/go-server/internal/dnsclient/client.go:94.32,94.52 1 0
dnstool/go-server/internal/dnsclient/client.go:97.42,98.32 1 0
dnstool/go-server/internal/dnsclient/client.go:98.32,98.49 1 0
dnstool/go-server/internal/dnsclient/client.go:101.43,102.32 1 0
dnstool/go-server/internal/dnsclient/client.go:102.32,102.50 1 0
dnstool/go-server/internal/dnsclient/client.go:105.34,123.32 2 0
dnstool/go-server/internal/dnsclient/client.go:123.32,125.10 1 0
dnstool/go-server/internal/dnsclient/client.go:126.9,126.17 1 0
dnstool/go-server/internal/dnsclient/client.go:129.56,133.16 4 0
dnstool/go-server/internal/dnsclient/client.go:133.16,135.10 1 0
dnstool/go-server/internal/dnsclient/client.go:136.9,136.53 1 0
dnstool/go-server/internal/dnsclient/client.go:136.53,138.10 1 0
dnstool/go-server/internal/dnsclient/client.go:139.9,139.32 1 0
dnstool/go-server/internal/dnsclient/client.go:142.54,146.38 4 0
dnstool/go-server/internal/dnsclient/client.go:146.38,148.43 2 0
dnstool/go-server/internal/dnsclient/client.go:148.43,149.55 1 0
dnstool/go-server/internal/dnsclient/client.go:149.55,151.26 1 0
dnstool/go-server/internal/dnsclient/client.go:156.59,157.44 1 0
dnstool/go-server/internal/dnsclient/client.go:158.18,159.38 1 0
dnstool/go-server/internal/dnsclient/client.go:160.21,161.41 1 0
dnstool/go-server/internal/dnsclient/client.go:162.19,163.39 1 0
dnstool/go-server/internal/dnsclient/client.go:164.20,165.40 1 0
dnstool/go-server/internal/dnsclient/client.go:166.19,167.39 1 0
dnstool/go-server/internal/dnsclient/client.go:168.22,169.42 1 0
dnstool/go-server/internal/dnsclient/client.go:170.20,171.40 1 0
dnstool/go-server/internal/dnsclient/client.go:172.20,173.40 1 0
dnstool/go-server/internal/dnsclient/client.go:174.20,175.40 1 0
dnstool/go-server/internal/dnsclient/client.go:176.21,177.41 1 0
dnstool/go-server/internal/dnsclient/client.go:178.23,179.43 1 0
dnstool/go-server/internal/dnsclient/client.go:180.19,181.39 1 0
dnstool/go-server/internal/dnsclient/client.go:182.22,183.42 1 0
dnstool/go-server/internal/dnsclient/client.go:184.21,185.41 1 0
dnstool/go-server/internal/dnsclient/client.go:186.22,187.42 1 0
dnstool/go-server/internal/dnsclient/client.go:188.20,189.40 1 0
dnstool/go-server/internal/dnsclient/client.go:190.17,191.80 1 0
dnstool/go-server/internal/dnsclient/client.go:195.35,196.31 1 0
dnstool/go-server/internal/dnsclient/client.go:197.21,198.41 1 0
dnstool/go-server/internal/dnsclient/client.go:199.24,200.44 1 0
dnstool/go-server/internal/dnsclient/client.go:201.22,202.70 1 0
dnstool/go-server/internal/dnsclient/client.go:203.23,204.51 1 0
dnstool/go-server/internal/dnsclient/client.go:205.22,206.31 1 0
dnstool/go-server/internal/dnsclient/client.go:207.25,208.38 1 0
dnstool/go-server/internal/dnsclient/client.go:209.23,210.87 1 0
dnstool/go-server/internal/dnsclient/client.go:211.23,212.151 1 0
dnstool/go-server/internal/dnsclient/client.go:213.23,214.106 1 0
dnstool/go-server/internal/dnsclient/client.go:215.24,216.122 1 0
dnstool/go-server/internal/dnsclient/client.go:217.26,218.34 1 0
dnstool/go-server/internal/dnsclient/client.go:219.22,220.34 1 0
dnstool/go-server/internal/dnsclient/client.go:221.25,222.34 1 0
dnstool/go-server/internal/dnsclient/client.go:223.17,227.56 4 0
dnstool/go-server/internal/dnsclient/client.go:231.84,232.45 1 0
dnstool/go-server/internal/dnsclient/client.go:232.45,234.10 1 0
dnstool/go-server/internal/dnsclient/client.go:236.9,237.51 2 0
dnstool/go-server/internal/dnsclient/client.go:237.51,239.10 1 0
dnstool/go-server/internal/dnsclient/client.go:241.9,242.29 2 0
dnstool/go-server/internal/dnsclient/client.go:242.29,245.10 2 0
dnstool/go-server/internal/dnsclient/client.go:247.9,247.46 1 0
dnstool/go-server/internal/dnsclient/client.go:247.46,249.37 2 0
dnstool/go-server/internal/dnsclient/client.go:249.37,252.18 2 0
dnstool/go-server/internal/dnsclient/client.go:255.9,255.19 1 0
dnstool/go-server/internal/dnsclient/client.go:258.96,259.45 1 0
dnstool/go-server/internal/dnsclient/client.go:259.45,261.10 1 0
dnstool/go-server/internal/dnsclient/client.go:263.9,264.36 2 0
dnstool/go-server/internal/dnsclient/client.go:264.36,266.10 1 0
dnstool/go-server/internal/dnsclient/client.go:268.9,268.46 1 0
dnstool/go-server/internal/dnsclient/client.go:268.46,270.44 2 0
dnstool/go-server/internal/dnsclient/client.go:270.44,272.18 1 0
dnstool/go-server/internal/dnsclient/client.go:275.9,275.31 1 0
dnstool/go-server/internal/dnsclient/client.go:278.125,280.23 2 0
dnstool/go-server/internal/dnsclient/client.go:280.23,282.10 1 0
dnstool/go-server/internal/dnsclient/client.go:284.9,291.23 6 0
dnstool/go-server/internal/dnsclient/client.go:291.23,293.10 1 0
dnstool/go-server/internal/dnsclient/client.go:295.9,295.42 1 0
dnstool/go-server/internal/dnsclient/client.go:295.42,297.10 1 0
dnstool/go-server/internal/dnsclient/client.go:299.9,300.37 2 0
dnstool/go-server/internal/dnsclient/client.go:300.37,302.28 2 0
dnstool/go-server/internal/dnsclient/client.go:302.28,304.18 1 0
dnstool/go-server/internal/dnsclient/client.go:306.9,307.39 2 0
dnstool/go-server/internal/dnsclient/client.go:310.101,311.45 1 0
dnstool/go-server/internal/dnsclient/client.go:311.45,313.10 1 0
dnstool/go-server/internal/dnsclient/client.go:315.9,325.39 5 0
dnstool/go-server/internal/dnsclient/client.go:325.39,326.50 1 0
dnstool/go-server/internal/dnsclient/client.go:326.50,329.18 2 0
dnstool/go-server/internal/dnsclient/client.go:332.9,333.47 2 0
dnstool/go-server/internal/dnsclient/client.go:333.47,334.24 1 0
dnstool/go-server/internal/dnsclient/client.go:335.33,336.41 1 0
dnstool/go-server/internal/dnsclient/client.go:336.41,338.26 1 0
dnstool/go-server/internal/dnsclient/client.go:338.31,340.26 1 0
dnstool/go-server/internal/dnsclient/client.go:341.36,342.30 1 0
dnstool/go-server/internal/dnsclient/client.go:346.9,346.38 1 0
dnstool/go-server/internal/dnsclient/client.go:346.38,354.10 2 0
dnstool/go-server/internal/dnsclient/client.go:356.9,357.21 2 0
dnstool/go-server/internal/dnsclient/client.go:357.21,359.10 1 0
dnstool/go-server/internal/dnsclient/client.go:361.9,367.10 1 0
dnstool/go-server/internal/dnsclient/client.go:370.114,372.49 2 0
dnstool/go-server/internal/dnsclient/client.go:372.49,375.10 2 0
dnstool/go-server/internal/dnsclient/client.go:377.9,379.44 3 0
dnstool/go-server/internal/dnsclient/client.go:379.44,380.44 1 0
dnstool/go-server/internal/dnsclient/client.go:380.44,383.18 2 0
dnstool/go-server/internal/dnsclient/client.go:386.9,386.32 1 0
dnstool/go-server/internal/dnsclient/client.go:386.32,388.58 2 0
dnstool/go-server/internal/dnsclient/client.go:388.58,390.18 1 0
dnstool/go-server/internal/dnsclient/client.go:393.9,394.21 2 0
dnstool/go-server/internal/dnsclient/client.go:394.21,395.60 1 0
dnstool/go-server/internal/dnsclient/client.go:395.60,397.49 2 0
dnstool/go-server/internal/dnsclient/client.go:397.49,399.26 1 0
dnstool/go-server/internal/dnsclient/client.go:402.9,402.15 1 0
dnstool/go-server/internal/dnsclient/client.go:405.95,425.42 7 0
dnstool/go-server/internal/dnsclient/client.go:425.42,426.44 1 0
dnstool/go-server/internal/dnsclient/client.go:426.44,429.18 2 0
dnstool/go-server/internal/dnsclient/client.go:432.9,437.49 5 0
dnstool/go-server/internal/dnsclient/client.go:437.49,438.24 1 0
dnstool/go-server/internal/dnsclient/client.go:439.33,446.52 3 0
dnstool/go-server/internal/dnsclient/client.go:446.52,448.78 2 0
dnstool/go-server/internal/dnsclient/client.go:448.78,450.34 1 0
dnstool/go-server/internal/dnsclient/client.go:452.36,453.30 1 0
dnstool/go-server/internal/dnsclient/client.go:457.9,461.22 5 0
dnstool/go-server/internal/dnsclient/client.go:464.85,468.56 3 0
dnstool/go-server/internal/dnsclient/client.go:468.56,477.31 7 0
dnstool/go-server/internal/dnsclient/client.go:477.31,478.42 1 0
dnstool/go-server/internal/dnsclient/client.go:478.42,482.26 3 0
dnstool/go-server/internal/dnsclient/client.go:483.25,484.33 2 0
dnstool/go-server/internal/dnsclient/client.go:487.17,487.50 1 0
dnstool/go-server/internal/dnsclient/client.go:487.50,491.18 3 0
dnstool/go-server/internal/dnsclient/client.go:493.17,493.39 1 0
dnstool/go-server/internal/dnsclient/client.go:493.39,498.40 5 0
dnstool/go-server/internal/dnsclient/client.go:498.40,500.26 1 0
dnstool/go-server/internal/dnsclient/client.go:503.17,503.40 1 0
dnstool/go-server/internal/dnsclient/client.go:503.40,508.18 4 0
dnstool/go-server/internal/dnsclient/client.go:509.17,512.30 4 0
dnstool/go-server/internal/dnsclient/client.go:515.9,517.22 3 0
dnstool/go-server/internal/dnsclient/client.go:520.87,523.2 2 0
dnstool/go-server/internal/dnsclient/client.go:525.113,528.23 3 0
dnstool/go-server/internal/dnsclient/client.go:528.23,530.10 1 0
dnstool/go-server/internal/dnsclient/client.go:532.9,534.22 3 0
dnstool/go-server/internal/dnsclient/client.go:537.118,539.23 2 0
dnstool/go-server/internal/dnsclient/client.go:539.23,541.10 1 0
dnstool/go-server/internal/dnsclient/client.go:543.9,549.23 6 0
dnstool/go-server/internal/dnsclient/client.go:549.23,551.10 1 0
dnstool/go-server/internal/dnsclient/client.go:553.9,553.42 1 0
dnstool/go-server/internal/dnsclient/client.go:553.42,555.10 1 0
dnstool/go-server/internal/dnsclient/client.go:557.9,558.37 2 0
dnstool/go-server/internal/dnsclient/client.go:558.37,560.28 2 0
dnstool/go-server/internal/dnsclient/client.go:560.28,562.18 1 0
dnstool/go-server/internal/dnsclient/client.go:564.9,564.28 1 0
dnstool/go-server/internal/dnsclient/client.go:567.117,569.23 2 0
dnstool/go-server/internal/dnsclient/client.go:569.23,571.10 1 0
dnstool/go-server/internal/dnsclient/client.go:573.9,579.23 6 0
dnstool/go-server/internal/dnsclient/client.go:579.23,581.10 1 0
dnstool/go-server/internal/dnsclient/client.go:583.9,583.42 1 0
dnstool/go-server/internal/dnsclient/client.go:583.42,585.10 1 0
dnstool/go-server/internal/dnsclient/client.go:587.9,589.37 3 0
dnstool/go-server/internal/dnsclient/client.go:589.37,591.28 2 0
dnstool/go-server/internal/dnsclient/client.go:591.28,593.39 2 0
dnstool/go-server/internal/dnsclient/client.go:593.39,596.26 2 0
dnstool/go-server/internal/dnsclient/client.go:599.9,599.57 1 0
dnstool/go-server/internal/dnsclient/client.go:602.84,605.2 2 0
dnstool/go-server/internal/dnsclient/client.go:615.96,617.23 2 0
dnstool/go-server/internal/dnsclient/client.go:617.23,619.10 1 0
dnstool/go-server/internal/dnsclient/client.go:621.9,629.23 8 0
dnstool/go-server/internal/dnsclient/client.go:629.23,632.10 2 0
dnstool/go-server/internal/dnsclient/client.go:633.9,635.45 2 0
dnstool/go-server/internal/dnsclient/client.go:635.45,637.10 1 0
dnstool/go-server/internal/dnsclient/client.go:639.9,640.23 2 0
dnstool/go-server/internal/dnsclient/client.go:640.23,642.10 1 0
dnstool/go-server/internal/dnsclient/client.go:644.9,644.50 1 0
dnstool/go-server/internal/dnsclient/client.go:647.69,649.47 2 0
dnstool/go-server/internal/dnsclient/client.go:649.47,651.10 1 0
dnstool/go-server/internal/dnsclient/client.go:653.9,653.29 1 0
dnstool/go-server/internal/dnsclient/client.go:653.29,655.10 1 0
dnstool/go-server/internal/dnsclient/client.go:657.9,657.34 1 0
dnstool/go-server/internal/dnsclient/client.go:657.34,659.10 1 0
dnstool/go-server/internal/dnsclient/client.go:661.9,664.44 4 0
dnstool/go-server/internal/dnsclient/client.go:664.44,666.29 2 0
dnstool/go-server/internal/dnsclient/client.go:666.29,667.33 1 0
dnstool/go-server/internal/dnsclient/client.go:669.17,669.57 1 0
dnstool/go-server/internal/dnsclient/client.go:669.57,671.18 1 0
dnstool/go-server/internal/dnsclient/client.go:672.17,672.30 1 0
dnstool/go-server/internal/dnsclient/client.go:672.30,675.18 2 0
dnstool/go-server/internal/dnsclient/client.go:676.17,676.31 1 0
dnstool/go-server/internal/dnsclient/client.go:676.31,679.18 2 0
dnstool/go-server/internal/dnsclient/client.go:682.9,682.57 1 0
dnstool/go-server/internal/dnsclient/client.go:685.94,694.23 7 0
dnstool/go-server/internal/dnsclient/client.go:694.23,697.31 3 0
dnstool/go-server/internal/dnsclient/client.go:697.31,699.18 1 0
dnstool/go-server/internal/dnsclient/client.go:702.9,702.42 1 0
dnstool/go-server/internal/dnsclient/client.go:702.42,704.10 1 0
dnstool/go-server/internal/dnsclient/client.go:706.9,708.37 3 0
dnstool/go-server/internal/dnsclient/client.go:708.37,709.39 1 0
dnstool/go-server/internal/dnsclient/client.go:710.29,711.36 1 0
dnstool/go-server/internal/dnsclient/client.go:712.33,713.46 1 0
dnstool/go-server/internal/dnsclient/client.go:713.46,715.26 1 0
dnstool/go-server/internal/dnsclient/client.go:719.9,719.38 1 0
dnstool/go-server/internal/dnsclient/client.go:719.38,721.10 1 0
dnstool/go-server/internal/dnsclient/client.go:722.9,722.25 1 0
dnstool/go-server/internal/dnsclient/client.go:725.96,728.2 2 0
dnstool/go-server/internal/dnsclient/client.go:730.108,732.23 2 0
dnstool/go-server/internal/dnsclient/client.go:732.23,734.10 1 0
dnstool/go-server/internal/dnsclient/client.go:736.9,743.23 6 0
dnstool/go-server/internal/dnsclient/client.go:743.23,745.10 1 0
dnstool/go-server/internal/dnsclient/client.go:747.9,747.42 1 0
dnstool/go-server/internal/dnsclient/client.go:747.42,749.10 1 0
dnstool/go-server/internal/dnsclient/client.go:751.9,753.37 3 0
dnstool/go-server/internal/dnsclient/client.go:753.37,755.28 2 0
dnstool/go-server/internal/dnsclient/client.go:755.28,757.39 2 0
dnstool/go-server/internal/dnsclient/client.go:757.39,760.26 2 0
dnstool/go-server/internal/dnsclient/client.go:764.9,764.57 1 0
dnstool/go-server/internal/dnsclient/client.go:767.54,777.2 1 0
dnstool/go-server/internal/dnsclient/client.go:779.34,781.2 1 0
dnstool/go-server/internal/dnsclient/client.go:783.28,784.14 1 0
dnstool/go-server/internal/dnsclient/client.go:784.14,786.10 1 0
dnstool/go-server/internal/dnsclient/client.go:787.9,787.17 1 0
dnstool/go-server/internal/dnsclient/domain.go:18.51,24.23 5 1
dnstool/go-server/internal/dnsclient/domain.go:24.23,25.79 1 1
dnstool/go-server/internal/dnsclient/domain.go:25.79,27.54 2 1
dnstool/go-server/internal/dnsclient/domain.go:27.54,28.133 1 1
dnstool/go-server/internal/dnsclient/domain.go:28.133,30.34 1 1
dnstool/go-server/internal/dnsclient/domain.go:32.25,32.43 1 0
dnstool/go-server/internal/dnsclient/domain.go:34.17,34.31 1 0
dnstool/go-server/internal/dnsclient/domain.go:36.9,36.26 1 1
dnstool/go-server/internal/dnsclient/domain.go:41.41,42.46 1 1
dnstool/go-server/internal/dnsclient/domain.go:42.46,44.10 1 1
dnstool/go-server/internal/dnsclient/domain.go:46.9,49.25 4 1
dnstool/go-server/internal/dnsclient/domain.go:49.25,51.10 1 0
dnstool/go-server/internal/dnsclient/domain.go:53.9,54.23 2 1
dnstool/go-server/internal/dnsclient/domain.go:54.23,56.10 1 1
dnstool/go-server/internal/dnsclient/domain.go:58.9,58.108 1 1
dnstool/go-server/internal/dnsclient/domain.go:58.108,60.10 1 1
dnstool/go-server/internal/dnsclient/domain.go:62.9,64.29 2 1
dnstool/go-server/internal/dnsclient/domain.go:64.29,66.10 1 1
dnstool/go-server/internal/dnsclient/domain.go:68.9,68.40 1 1
dnstool/go-server/internal/dnsclient/domain.go:68.40,70.10 1 1
dnstool/go-server/internal/dnsclient/domain.go:72.9,72.36 1 1
dnstool/go-server/internal/dnsclient/domain.go:72.36,74.10 1 0
dnstool/go-server/internal/dnsclient/domain.go:76.9,76.50 1 1
dnstool/go-server/internal/dnsclient/domain.go:79.37,83.20 4 0
dnstool/go-server/internal/dnsclient/domain.go:83.20,85.10 1 0
dnstool/go-server/internal/dnsclient/domain.go:86.9,86.59 1 0
dnstool/go-server/internal/dnsclient/domain.go:89.43,90.38 1 1
dnstool/go-server/internal/dnsclient/domain.go:90.38,91.51 1 1
dnstool/go-server/internal/dnsclient/domain.go:91.51,93.18 1 0
dnstool/go-server/internal/dnsclient/domain.go:94.17,94.83 1 1
dnstool/go-server/internal/dnsclient/domain.go:94.83,96.18 1 0
dnstool/go-server/internal/dnsclient/domain.go:97.17,97.51 1 1
dnstool/go-server/internal/dnsclient/domain.go:97.51,99.18 1 0
dnstool/go-server/internal/dnsclient/domain.go:101.9,101.20 1 1
dnstool/go-server/internal/dnsclient/domain.go:104.35,106.2 1 1
dnstool/go-server/internal/dnsclient/domain.go:108.35,110.28 2 0
dnstool/go-server/internal/dnsclient/domain.go:110.28,112.10 1 0
dnstool/go-server/internal/dnsclient/domain.go:113.9,113.52 1 0
dnstool/go-server/internal/dnsclient/domain.go:116.75,118.43 2 0
dnstool/go-server/internal/dnsclient/domain.go:118.43,121.37 3 0
dnstool/go-server/internal/dnsclient/domain.go:121.37,123.18 1 0
dnstool/go-server/internal/dnsclient/domain.go:125.9,125.18 1 0
dnstool/go-server/internal/dnsclient/exports_ice.go:5.120,7.2 1 0
dnstool/go-server/internal/dnsclient/http.go:20.42,22.2 1 0
dnstool/go-server/internal/dnsclient/http.go:24.74,34.91 1 0
dnstool/go-server/internal/dnsclient/http.go:34.91,35.50 1 0
dnstool/go-server/internal/dnsclient/http.go:35.50,37.34 1 0
dnstool/go-server/internal/dnsclient/http.go:38.33,38.73 1 0
dnstool/go-server/internal/dnsclient/http.go:38.73,40.34 1 0
dnstool/go-server/internal/dnsclient/http.go:41.33,41.43 1 0
dnstool/go-server/internal/dnsclient/http.go:48.42,59.91 1 1
dnstool/go-server/internal/dnsclient/http.go:59.91,60.50 1 0
dnstool/go-server/internal/dnsclient/http.go:60.50,62.34 1 0
dnstool/go-server/internal/dnsclient/http.go:63.33,63.43 1 0
dnstool/go-server/internal/dnsclient/http.go:91.46,93.2 1 1
dnstool/go-server/internal/dnsclient/http.go:95.96,97.23 2 1
dnstool/go-server/internal/dnsclient/http.go:97.23,99.10 1 0
dnstool/go-server/internal/dnsclient/http.go:100.9,100.37 1 1
dnstool/go-server/internal/dnsclient/http.go:100.37,102.10 1 1
dnstool/go-server/internal/dnsclient/http.go:103.9,104.40 2 1
dnstool/go-server/internal/dnsclient/http.go:104.40,105.47 1 1
dnstool/go-server/internal/dnsclient/http.go:105.47,107.18 1 1
dnstool/go-server/internal/dnsclient/http.go:110.9,111.23 2 1
dnstool/go-server/internal/dnsclient/http.go:111.23,113.10 1 0
dnstool/go-server/internal/dnsclient/http.go:114.9,117.32 3 1
dnstool/go-server/internal/dnsclient/http.go:120.90,121.39 1 0
dnstool/go-server/internal/dnsclient/http.go:121.39,123.10 1 0
dnstool/go-server/internal/dnsclient/http.go:125.9,126.23 2 0
dnstool/go-server/internal/dnsclient/http.go:126.23,128.10 1 0
dnstool/go-server/internal/dnsclient/http.go:129.9,131.32 2 0
dnstool/go-server/internal/dnsclient/http.go:134.128,135.39 1 0
dnstool/go-server/internal/dnsclient/http.go:135.39,137.10 1 0
dnstool/go-server/internal/dnsclient/http.go:139.9,140.23 2 0
dnstool/go-server/internal/dnsclient/http.go:140.23,142.10 1 0
dnstool/go-server/internal/dnsclient/http.go:143.9,144.35 2 0
dnstool/go-server/internal/dnsclient/http.go:144.35,146.10 1 0
dnstool/go-server/internal/dnsclient/http.go:148.9,148.32 1 0
dnstool/go-server/internal/dnsclient/http.go:151.88,154.2 2 0
dnstool/go-server/internal/dnsclient/http.go:156.37,158.22 2 1
dnstool/go-server/internal/dnsclient/http.go:158.22,160.10 1 1
dnstool/go-server/internal/dnsclient/http.go:162.9,163.65 1 1
dnstool/go-server/internal/dnsclient/http.go:163.65,165.10 1 1
dnstool/go-server/internal/dnsclient/http.go:167.9,167.40 1 1
dnstool/go-server/internal/dnsclient/http.go:167.40,168.67 1 1
dnstool/go-server/internal/dnsclient/http.go:168.67,170.18 1 1
dnstool/go-server/internal/dnsclient/http.go:171.17,171.64 1 1
dnstool/go-server/internal/dnsclient/http.go:171.64,173.18 1 1
dnstool/go-server/internal/dnsclient/http.go:174.17,174.68 1 1
dnstool/go-server/internal/dnsclient/http.go:174.68,176.18 1 1
dnstool/go-server/internal/dnsclient/http.go:179.9,179.21 1 1
dnstool/go-server/internal/dnsclient/http.go:182.44,184.23 2 1
dnstool/go-server/internal/dnsclient/http.go:184.23,186.10 1 0
dnstool/go-server/internal/dnsclient/http.go:187.9,188.27 2 1
dnstool/go-server/internal/dnsclient/http.go:188.27,190.10 1 0
dnstool/go-server/internal/dnsclient/http.go:192.9,193.23 2 1
dnstool/go-server/internal/dnsclient/http.go:193.23,195.10 1 0
dnstool/go-server/internal/dnsclient/http.go:196.9,196.28 1 1
dnstool/go-server/internal/dnsclient/http.go:196.28,198.10 1 0
dnstool/go-server/internal/dnsclient/http.go:200.9,200.36 1 1
dnstool/go-server/internal/dnsclient/http.go:200.36,201.38 1 1
dnstool/go-server/internal/dnsclient/http.go:201.38,203.18 1 1
dnstool/go-server/internal/dnsclient/http.go:205.9,205.20 1 0
dnstool/go-server/internal/analyzer/ai_surface/http_oss.go:10.82,12.2 1 0
dnstool/go-server/internal/analyzer/ai_surface/llms_txt_oss.go:10.83,19.2 1 1
dnstool/go-server/internal/analyzer/ai_surface/llms_txt_oss.go:21.41,23.2 1 0
dnstool/go-server/internal/analyzer/ai_surface/llms_txt_oss.go:25.47,27.2 1 0
dnstool/go-server/internal/analyzer/ai_surface/llms_txt_oss.go:29.90,29.91 0 0
dnstool/go-server/internal/analyzer/ai_surface/poisoning.go:8.44,9.22 1 0
dnstool/go-server/internal/analyzer/ai_surface/poisoning.go:9.22,11.3 1 0
dnstool/go-server/internal/analyzer/ai_surface/poisoning.go:12.2,12.27 1 0
dnstool/go-server/internal/analyzer/ai_surface/poisoning_oss.go:19.90,27.2 1 1
dnstool/go-server/internal/analyzer/ai_surface/poisoning_oss.go:29.90,37.2 1 1
dnstool/go-server/internal/analyzer/ai_surface/poisoning_oss.go:39.136,41.2 1 0
dnstool/go-server/internal/analyzer/ai_surface/poisoning_oss.go:43.45,45.2 1 0
dnstool/go-server/internal/analyzer/ai_surface/poisoning_oss.go:47.45,49.2 1 0
dnstool/go-server/internal/analyzer/ai_surface/poisoning_oss.go:51.51,53.2 1 0
dnstool/go-server/internal/analyzer/ai_surface/robots_txt_oss.go:12.87,23.2 1 1
dnstool/go-server/internal/analyzer/ai_surface/robots_txt_oss.go:25.103,27.2 1 0
dnstool/go-server/internal/analyzer/ai_surface/robots_txt_oss.go:29.136,30.2 0 0
dnstool/go-server/internal/analyzer/ai_surface/robots_txt_oss.go:32.46,34.2 1 0
dnstool/go-server/internal/analyzer/ai_surface/scanner.go:34.64,36.2 1 0
dnstool/go-server/internal/analyzer/ai_surface/scanner.go:57.75,79.2 11 0
dnstool/go-server/internal/analyzer/ai_surface/scanner.go:81.138,82.58 1 0
dnstool/go-server/internal/analyzer/ai_surface/scanner.go:82.58,83.85 1 0
dnstool/go-server/internal/analyzer/ai_surface/scanner.go:83.85,86.39 3 0
dnstool/go-server/internal/analyzer/ai_surface/scanner.go:86.39,87.41 1 0
dnstool/go-server/internal/analyzer/ai_surface/scanner.go:89.25,91.61 2 0
dnstool/go-server/internal/analyzer/ai_surface/scanner.go:91.61,92.41 1 0
dnstool/go-server/internal/analyzer/ai_surface/scanner.go:95.25,96.39 2 0
dnstool/go-server/internal/analyzer/ai_surface/scanner.go:96.39,97.41 1 0
dnstool/go-server/internal/analyzer/ai_surface/scanner.go:99.25,100.47 2 0
dnstool/go-server/internal/analyzer/ai_surface/scanner.go:100.47,101.41 1 0
dnstool/go-server/internal/analyzer/ai_surface/scanner.go:104.25,112.68 3 0
dnstool/go-server/internal/analyzer/ai_surface/scanner.go:115.9,115.30 1 0
dnstool/go-server/internal/analyzer/ai_surface/scanner.go:118.123,119.58 1 0
dnstool/go-server/internal/analyzer/ai_surface/scanner.go:119.58,120.95 1 0
dnstool/go-server/internal/analyzer/ai_surface/scanner.go:120.95,123.39 3 0
dnstool/go-server/internal/analyzer/ai_surface/scanner.go:123.39,124.41 1 0
dnstool/go-server/internal/analyzer/ai_surface/scanner.go:126.25,128.61 2 0
dnstool/go-server/internal/analyzer/ai_surface/scanner.go:128.61,129.41 1 0
dnstool/go-server/internal/analyzer/ai_surface/scanner.go:132.25,133.39 2 0
dnstool/go-server/internal/analyzer/ai_surface/scanner.go:133.39,134.41 1 0
dnstool/go-server/internal/analyzer/ai_surface/scanner.go:136.25,136.44 1 0
dnstool/go-server/internal/analyzer/ai_surface/scanner.go:136.44,137.41 1 0
dnstool/go-server/internal/analyzer/ai_surface/scanner.go:140.25,147.39 2 0
dnstool/go-server/internal/analyzer/ai_surface/scanner.go:150.9,150.25 1 0
dnstool/go-server/internal/analyzer/ai_surface/scanner.go:153.105,163.79 2 0
dnstool/go-server/internal/analyzer/ai_surface/scanner.go:163.79,167.10 3 0
dnstool/go-server/internal/analyzer/ai_surface/scanner.go:169.9,169.79 1 0
dnstool/go-server/internal/analyzer/ai_surface/scanner.go:169.79,172.10 2 0
dnstool/go-server/internal/analyzer/ai_surface/scanner.go:174.9,174.22 1 0
dnstool/go-server/internal/analyzer/ai_surface/scanner.go:177.56,180.28 3 0
dnstool/go-server/internal/analyzer/ai_surface/scanner.go:180.28,182.63 2 0
dnstool/go-server/internal/analyzer/ai_surface/scanner.go:182.63,183.33 1 0
dnstool/go-server/internal/analyzer/ai_surface/scanner.go:185.17,185.61 1 0
dnstool/go-server/internal/analyzer/ai_surface/scanner.go:185.61,188.38 3 0
dnstool/go-server/internal/analyzer/ai_surface/scanner.go:188.38,190.26 1 0
dnstool/go-server/internal/analyzer/ai_surface/scanner.go:193.9,193.22 1 0
dnstool/go-server/internal/analyzer/ai_surface/scanner.go:196.107,209.58 2 0
dnstool/go-server/internal/analyzer/ai_surface/scanner.go:209.58,212.31 3 0
dnstool/go-server/internal/analyzer/ai_surface/scanner.go:212.31,213.33 1 0
dnstool/go-server/internal/analyzer/ai_surface/scanner.go:215.17,217.53 2 0
dnstool/go-server/internal/analyzer/ai_surface/scanner.go:217.53,219.39 2 0
dnstool/go-server/internal/analyzer/ai_surface/scanner.go:219.39,220.41 1 0
dnstool/go-server/internal/analyzer/ai_surface/scanner.go:222.25,223.45 2 0
dnstool/go-server/internal/analyzer/ai_surface/scanner.go:223.45,224.41 1 0
dnstool/go-server/internal/analyzer/ai_surface/scanner.go:227.25,238.45 9 0
dnstool/go-server/internal/analyzer/ai_surface/scanner.go:238.45,247.26 2 0
dnstool/go-server/internal/analyzer/ai_surface/scanner.go:247.31,256.26 2 0
dnstool/go-server/internal/analyzer/ai_surface/scanner.go:258.25,258.83 1 0
dnstool/go-server/internal/analyzer/ai_surface/scanner.go:258.83,260.80 2 0
dnstool/go-server/internal/analyzer/ai_surface/scanner.go:260.80,262.34 1 0
dnstool/go-server/internal/analyzer/ai_surface/scanner.go:263.33,269.35 1 0
dnstool/go-server/internal/analyzer/ai_surface/scanner.go:272.25,273.30 2 0
dnstool/go-server/internal/analyzer/ai_surface/scanner.go:277.9,277.22 1 0
dnstool/go-server/internal/analyzer/ai_surface/scanner.go:280.65,292.23 5 0
dnstool/go-server/internal/analyzer/ai_surface/scanner.go:292.23,294.63 2 0
dnstool/go-server/internal/analyzer/ai_surface/scanner.go:294.63,295.33 1 0
dnstool/go-server/internal/analyzer/ai_surface/scanner.go:297.17,298.64 2 0
dnstool/go-server/internal/analyzer/ai_surface/scanner.go:298.64,299.33 1 0
dnstool/go-server/internal/analyzer/ai_surface/scanner.go:302.17,303.32 2 0
dnstool/go-server/internal/analyzer/ai_surface/scanner.go:303.32,304.33 1 0
dnstool/go-server/internal/analyzer/ai_surface/scanner.go:307.17,311.44 4 0
dnstool/go-server/internal/analyzer/ai_surface/scanner.go:311.44,312.56 1 0
dnstool/go-server/internal/analyzer/ai_surface/scanner.go:312.56,313.41 1 0
dnstool/go-server/internal/analyzer/ai_surface/scanner.go:315.25,315.68 1 0
dnstool/go-server/internal/analyzer/ai_surface/scanner.go:315.68,319.26 3 0
dnstool/go-server/internal/analyzer/ai_surface/scanner.go:323.9,323.30 1 0
dnstool/go-server/internal/analyzer/ai_surface/scanner.go:323.30,325.10 1 0
dnstool/go-server/internal/analyzer/ai_surface/scanner.go:326.9,329.87 3 0
dnstool/go-server/internal/analyzer/ai_surface/scanner.go:329.87,330.66 1 0
dnstool/go-server/internal/analyzer/ai_surface/scanner.go:330.66,332.18 1 0
dnstool/go-server/internal/analyzer/ai_surface/scanner.go:335.9,335.22 1 0
dnstool/go-server/internal/analyzer/ai_surface/scanner.go:338.208,339.45 1 0
dnstool/go-server/internal/analyzer/ai_surface/scanner.go:339.45,340.58 1 0
dnstool/go-server/internal/analyzer/ai_surface/scanner.go:340.58,342.69 2 0
dnstool/go-server/internal/analyzer/ai_surface/scanner.go:342.69,350.26 3 0
dnstool/go-server/internal/analyzer/ai_surface/scanner.go:351.23,351.62 1 0
dnstool/go-server/internal/analyzer/ai_surface/scanner.go:351.62,353.66 2 0
dnstool/go-server/internal/analyzer/ai_surface/scanner.go:353.66,356.26 2 0
dnstool/go-server/internal/analyzer/ai_surface/scanner.go:359.9,359.44 1 0
dnstool/go-server/internal/analyzer/ai_surface/scanner.go:362.108,369.43 6 0
dnstool/go-server/internal/analyzer/ai_surface/scanner.go:369.43,371.10 1 0
dnstool/go-server/internal/analyzer/ai_surface/scanner.go:373.9,373.28 1 0
dnstool/go-server/internal/analyzer/ai_surface/scanner.go:373.28,375.63 2 0
dnstool/go-server/internal/analyzer/ai_surface/scanner.go:375.63,376.33 1 0
dnstool/go-server/internal/analyzer/ai_surface/scanner.go:379.17,381.60 2 0
dnstool/go-server/internal/analyzer/ai_surface/scanner.go:381.60,384.132 3 0
dnstool/go-server/internal/analyzer/ai_surface/scanner.go:384.132,386.26 1 0
dnstool/go-server/internal/analyzer/ai_surface/scanner.go:387.25,387.53 1 0
dnstool/go-server/internal/analyzer/ai_surface/scanner.go:387.53,389.26 1 0
dnstool/go-server/internal/analyzer/ai_surface/scanner.go:390.25,390.33 1 0
dnstool/go-server/internal/analyzer/ai_surface/scanner.go:393.17,393.44 1 0
dnstool/go-server/internal/analyzer/ai_surface/scanner.go:393.44,394.33 1 0
dnstool/go-server/internal/analyzer/ai_surface/scanner.go:397.17,397.152 1 0
dnstool/go-server/internal/analyzer/ai_surface/scanner.go:400.9,400.44 1 0
dnstool/go-server/internal/analyzer/ai_surface/scanner.go:403.59,412.49 3 0
dnstool/go-server/internal/analyzer/ai_surface/scanner.go:412.49,413.89 1 0
dnstool/go-server/internal/analyzer/ai_surface/scanner.go:413.89,418.18 1 0
dnstool/go-server/internal/analyzer/ai_surface/scanner.go:420.9,420.20 1 0
dnstool/go-server/internal/analyzer/ai_surface/scanner.go:423.107,432.58 2 0
dnstool/go-server/internal/analyzer/ai_surface/scanner.go:432.58,435.31 3 0
dnstool/go-server/internal/analyzer/ai_surface/scanner.go:435.31,436.33 1 0
dnstool/go-server/internal/analyzer/ai_surface/scanner.go:438.17,440.53 2 0
dnstool/go-server/internal/analyzer/ai_surface/scanner.go:440.53,441.33 1 0
dnstool/go-server/internal/analyzer/ai_surface/scanner.go:444.17,445.31 2 0
dnstool/go-server/internal/analyzer/ai_surface/scanner.go:445.31,446.33 1 0
dnstool/go-server/internal/analyzer/ai_surface/scanner.go:449.17,451.34 2 0
dnstool/go-server/internal/analyzer/ai_surface/scanner.go:451.34,456.50 5 0
dnstool/go-server/internal/analyzer/ai_surface/scanner.go:456.50,464.26 1 0
dnstool/go-server/internal/analyzer/ai_surface/scanner.go:466.17,466.22 1 0
dnstool/go-server/internal/analyzer/ai_surface/scanner.go:469.9,469.22 1 0
dnstool/go-server/internal/analyzer/ai_surface/scanner.go:479.60,484.49 4 1
dnstool/go-server/internal/analyzer/ai_surface/scanner.go:484.49,486.42 2 1
dnstool/go-server/internal/analyzer/ai_surface/scanner.go:486.42,489.45 3 1
dnstool/go-server/internal/analyzer/ai_surface/scanner.go:489.45,491.26 1 1
dnstool/go-server/internal/analyzer/ai_surface/scanner.go:492.25,493.59 2 1
dnstool/go-server/internal/analyzer/ai_surface/scanner.go:493.59,494.65 1 1
dnstool/go-server/internal/analyzer/ai_surface/scanner.go:494.65,496.54 2 1
dnstool/go-server/internal/analyzer/ai_surface/scanner.go:496.54,497.57 1 1
dnstool/go-server/internal/analyzer/ai_surface/scanner.go:499.41,503.43 2 1
dnstool/go-server/internal/analyzer/ai_surface/scanner.go:509.9,509.25 1 1
dnstool/go-server/internal/analyzer/ai_surface/scanner.go:512.111,521.58 2 0
dnstool/go-server/internal/analyzer/ai_surface/scanner.go:521.58,524.31 3 0
dnstool/go-server/internal/analyzer/ai_surface/scanner.go:524.31,525.33 1 0
dnstool/go-server/internal/analyzer/ai_surface/scanner.go:527.17,529.53 2 0
dnstool/go-server/internal/analyzer/ai_surface/scanner.go:529.53,530.33 1 0
dnstool/go-server/internal/analyzer/ai_surface/scanner.go:533.17,534.31 2 0
dnstool/go-server/internal/analyzer/ai_surface/scanner.go:534.31,535.33 1 0
dnstool/go-server/internal/analyzer/ai_surface/scanner.go:538.17,540.39 2 0
dnstool/go-server/internal/analyzer/ai_surface/scanner.go:540.39,545.53 5 0
dnstool/go-server/internal/analyzer/ai_surface/scanner.go:545.53,553.26 1 0
dnstool/go-server/internal/analyzer/ai_surface/scanner.go:555.17,555.22 1 0
dnstool/go-server/internal/analyzer/ai_surface/scanner.go:558.9,558.22 1 0
dnstool/go-server/internal/analyzer/ai_surface/scanner.go:561.65,563.36 2 0
dnstool/go-server/internal/analyzer/ai_surface/scanner.go:563.36,571.10 1 0
dnstool/go-server/internal/analyzer/ai_surface/scanner.go:572.9,572.22 1 0
dnstool/go-server/internal/analyzer/ai_surface/scanner.go:575.52,575.53 0 0
dnstool/go-server/internal/analyzer/ai_surface/scanner.go:577.79,587.67 9 0
dnstool/go-server/internal/analyzer/ai_surface/scanner.go:587.67,589.10 1 0
dnstool/go-server/internal/analyzer/ai_surface/scanner.go:590.9,591.54 2 0
dnstool/go-server/internal/analyzer/ai_surface/scanner.go:591.54,593.10 1 0
dnstool/go-server/internal/analyzer/ai_surface/scanner.go:594.9,595.56 2 0
dnstool/go-server/internal/analyzer/ai_surface/scanner.go:595.56,597.10 1 0
dnstool/go-server/internal/analyzer/ai_surface/scanner.go:599.9,602.44 3 0
dnstool/go-server/internal/analyzer/ai_surface/scanner.go:602.44,605.10 2 0
dnstool/go-server/internal/analyzer/ai_surface/scanner.go:605.15,605.58 1 0
dnstool/go-server/internal/analyzer/ai_surface/scanner.go:605.58,608.10 2 0
dnstool/go-server/internal/analyzer/ai_surface/scanner.go:608.15,608.28 1 0
dnstool/go-server/internal/analyzer/ai_surface/scanner.go:608.28,611.10 2 0
dnstool/go-server/internal/analyzer/ai_surface/scanner.go:613.9,623.10 1 0
dnstool/go-server/internal/analyzer/ai_surface/scanner_oss.go:5.31,7.2 1 1
dnstool/go-server/internal/db/db.go:21.53,23.16 2 1
dnstool/go-server/internal/db/db.go:23.16,25.3 1 0
dnstool/go-server/internal/db/db.go:27.2,37.16 9 1
dnstool/go-server/internal/db/db.go:37.16,39.3 1 0
dnstool/go-server/internal/db/db.go:41.2,41.39 1 1
dnstool/go-server/internal/db/db.go:41.39,44.3 2 0
dnstool/go-server/internal/db/db.go:46.2,50.8 2 1
dnstool/go-server/internal/db/db.go:53.28,54.19 1 1
dnstool/go-server/internal/db/db.go:54.19,57.3 2 1
dnstool/go-server/internal/db/db.go:60.59,62.2 1 1
dnstool/go-server/internal/dbq/analysis_stats.sql.go:19.108,24.2 4 0
dnstool/go-server/internal/dbq/analysis_stats.sql.go:30.95,45.2 4 0
dnstool/go-server/internal/dbq/analysis_stats.sql.go:66.97,69.2 2 0
dnstool/go-server/internal/dbq/analysis_stats.sql.go:82.91,85.2 2 0
dnstool/go-server/internal/dbq/analysis_stats.sql.go:93.93,95.16 2 0
dnstool/go-server/internal/dbq/analysis_stats.sql.go:95.16,97.3 1 0
dnstool/go-server/internal/dbq/analysis_stats.sql.go:98.2,100.18 3 0
dnstool/go-server/internal/dbq/analysis_stats.sql.go:100.18,112.17 2 0
dnstool/go-server/internal/dbq/analysis_stats.sql.go:112.17,114.4 1 0
dnstool/go-server/internal/dbq/analysis_stats.sql.go:115.3,115.27 1 0
dnstool/go-server/internal/dbq/analysis_stats.sql.go:117.2,117.35 1 0
dnstool/go-server/internal/dbq/analysis_stats.sql.go:117.35,119.3 1 0
dnstool/go-server/internal/dbq/analysis_stats.sql.go:120.2,120.19 1 0
dnstool/go-server/internal/dbq/analysis_stats.sql.go:137.86,142.2 4 0
dnstool/go-server/internal/dbq/analysis_stats.sql.go:153.105,156.2 2 0
dnstool/go-server/internal/dbq/analysis_stats.sql.go:179.91,189.2 2 0
dnstool/go-server/internal/dbq/db.go:20.28,22.2 1 0
dnstool/go-server/internal/dbq/db.go:28.46,32.2 1 0
dnstool/go-server/internal/dbq/domain_analyses.sql.go:27.111,32.2 4 0
dnstool/go-server/internal/dbq/domain_analyses.sql.go:38.72,43.2 4 0
dnstool/go-server/internal/dbq/domain_analyses.sql.go:54.75,59.2 4 0
dnstool/go-server/internal/dbq/domain_analyses.sql.go:65.74,70.2 4 0
dnstool/go-server/internal/dbq/domain_analyses.sql.go:81.100,86.2 4 0
dnstool/go-server/internal/dbq/domain_analyses.sql.go:93.79,98.2 4 0
dnstool/go-server/internal/dbq/domain_analyses.sql.go:104.84,109.2 4 0
dnstool/go-server/internal/dbq/domain_analyses.sql.go:115.79,120.2 4 0
dnstool/go-server/internal/dbq/domain_analyses.sql.go:148.140,150.16 2 0
dnstool/go-server/internal/dbq/domain_analyses.sql.go:150.16,152.3 1 0
dnstool/go-server/internal/dbq/domain_analyses.sql.go:153.2,155.18 3 0
dnstool/go-server/internal/dbq/domain_analyses.sql.go:155.18,167.17 2 0
dnstool/go-server/internal/dbq/domain_analyses.sql.go:167.17,169.4 1 0
dnstool/go-server/internal/dbq/domain_analyses.sql.go:170.3,170.27 1 0
dnstool/go-server/internal/dbq/domain_analyses.sql.go:172.2,172.35 1 0
dnstool/go-server/internal/dbq/domain_analyses.sql.go:172.35,174.3 1 0
dnstool/go-server/internal/dbq/domain_analyses.sql.go:175.2,175.19 1 0
dnstool/go-server/internal/dbq/domain_analyses.sql.go:182.90,217.2 4 0
dnstool/go-server/internal/dbq/domain_analyses.sql.go:239.141,244.2 4 0
dnstool/go-server/internal/dbq/domain_analyses.sql.go:267.126,272.2 4 0
dnstool/go-server/internal/dbq/domain_analyses.sql.go:292.123,302.2 4 0
dnstool/go-server/internal/dbq/domain_analyses.sql.go:328.165,338.2 4 0
dnstool/go-server/internal/dbq/domain_analyses.sql.go:355.113,360.2 4 0
dnstool/go-server/internal/dbq/domain_analyses.sql.go:369.105,404.2 4 0
dnstool/go-server/internal/dbq/domain_analyses.sql.go:424.115,426.16 2 0
dnstool/go-server/internal/dbq/domain_analyses.sql.go:426.16,428.3 1 0
dnstool/go-server/internal/dbq/domain_analyses.sql.go:429.2,431.18 3 0
dnstool/go-server/internal/dbq/domain_analyses.sql.go:431.18,439.17 2 0
dnstool/go-server/internal/dbq/domain_analyses.sql.go:439.17,441.4 1 0
dnstool/go-server/internal/dbq/domain_analyses.sql.go:442.3,442.27 1 0
dnstool/go-server/internal/dbq/domain_analyses.sql.go:444.2,444.35 1 0
dnstool/go-server/internal/dbq/domain_analyses.sql.go:444.35,446.3 1 0
dnstool/go-server/internal/dbq/domain_analyses.sql.go:447.2,447.19 1 0
dnstool/go-server/internal/dbq/domain_analyses.sql.go:503.108,535.2 4 0
dnstool/go-server/internal/dbq/domain_analyses.sql.go:551.119,553.16 2 0
dnstool/go-server/internal/dbq/domain_analyses.sql.go:553.16,555.3 1 0
dnstool/go-server/internal/dbq/domain_analyses.sql.go:556.2,558.18 3 0
dnstool/go-server/internal/dbq/domain_analyses.sql.go:558.18,590.17 2 0
dnstool/go-server/internal/dbq/domain_analyses.sql.go:590.17,592.4 1 0
dnstool/go-server/internal/dbq/domain_analyses.sql.go:593.3,593.27 1 0
dnstool/go-server/internal/dbq/domain_analyses.sql.go:595.2,595.35 1 0
dnstool/go-server/internal/dbq/domain_analyses.sql.go:595.35,597.3 1 0
dnstool/go-server/internal/dbq/domain_analyses.sql.go:598.2,598.19 1 0
dnstool/go-server/internal/dbq/domain_analyses.sql.go:616.115,618.16 2 0
dnstool/go-server/internal/dbq/domain_analyses.sql.go:618.16,620.3 1 0
dnstool/go-server/internal/dbq/domain_analyses.sql.go:621.2,623.18 3 0
dnstool/go-server/internal/dbq/domain_analyses.sql.go:623.18,625.77 2 0
dnstool/go-server/internal/dbq/domain_analyses.sql.go:625.77,627.4 1 0
dnstool/go-server/internal/dbq/domain_analyses.sql.go:628.3,628.27 1 0
dnstool/go-server/internal/dbq/domain_analyses.sql.go:630.2,630.35 1 0
dnstool/go-server/internal/dbq/domain_analyses.sql.go:630.35,632.3 1 0
dnstool/go-server/internal/dbq/domain_analyses.sql.go:633.2,633.19 1 0
dnstool/go-server/internal/dbq/domain_analyses.sql.go:659.122,661.16 2 0
dnstool/go-server/internal/dbq/domain_analyses.sql.go:661.16,663.3 1 0
dnstool/go-server/internal/dbq/domain_analyses.sql.go:664.2,666.18 3 0
dnstool/go-server/internal/dbq/domain_analyses.sql.go:666.18,673.17 2 0
dnstool/go-server/internal/dbq/domain_analyses.sql.go:673.17,675.4 1 0
dnstool/go-server/internal/dbq/domain_analyses.sql.go:676.3,676.27 1 0
dnstool/go-server/internal/dbq/domain_analyses.sql.go:678.2,678.35 1 0
dnstool/go-server/internal/dbq/domain_analyses.sql.go:678.35,680.3 1 0
dnstool/go-server/internal/dbq/domain_analyses.sql.go:681.2,681.19 1 0
dnstool/go-server/internal/dbq/domain_analyses.sql.go:697.105,699.16 2 0
dnstool/go-server/internal/dbq/domain_analyses.sql.go:699.16,701.3 1 0
dnstool/go-server/internal/dbq/domain_analyses.sql.go:702.2,704.18 3 0
dnstool/go-server/internal/dbq/domain_analyses.sql.go:704.18,706.56 2 0
dnstool/go-server/internal/dbq/domain_analyses.sql.go:706.56,708.4 1 0
dnstool/go-server/internal/dbq/domain_analyses.sql.go:709.3,709.27 1 0
dnstool/go-server/internal/dbq/domain_analyses.sql.go:711.2,711.35 1 0
dnstool/go-server/internal/dbq/domain_analyses.sql.go:711.35,713.3 1 0
dnstool/go-server/internal/dbq/domain_analyses.sql.go:714.2,714.19 1 0
dnstool/go-server/internal/dbq/domain_analyses.sql.go:734.103,736.16 2 0
dnstool/go-server/internal/dbq/domain_analyses.sql.go:736.16,738.3 1 0
dnstool/go-server/internal/dbq/domain_analyses.sql.go:739.2,741.18 3 0
dnstool/go-server/internal/dbq/domain_analyses.sql.go:741.18,750.17 2 0
dnstool/go-server/internal/dbq/domain_analyses.sql.go:750.17,752.4 1 0
dnstool/go-server/internal/dbq/domain_analyses.sql.go:753.3,753.27 1 0
dnstool/go-server/internal/dbq/domain_analyses.sql.go:755.2,755.35 1 0
dnstool/go-server/internal/dbq/domain_analyses.sql.go:755.35,757.3 1 0
dnstool/go-server/internal/dbq/domain_analyses.sql.go:758.2,758.19 1 0
dnstool/go-server/internal/dbq/domain_analyses.sql.go:773.123,775.16 2 0
dnstool/go-server/internal/dbq/domain_analyses.sql.go:775.16,777.3 1 0
dnstool/go-server/internal/dbq/domain_analyses.sql.go:778.2,780.18 3 0
dnstool/go-server/internal/dbq/domain_analyses.sql.go:780.18,812.17 2 0
dnstool/go-server/internal/dbq/domain_analyses.sql.go:812.17,814.4 1 0
dnstool/go-server/internal/dbq/domain_analyses.sql.go:815.3,815.27 1 0
dnstool/go-server/internal/dbq/domain_analyses.sql.go:817.2,817.35 1 0
dnstool/go-server/internal/dbq/domain_analyses.sql.go:817.35,819.3 1 0
dnstool/go-server/internal/dbq/domain_analyses.sql.go:820.2,820.19 1 0
dnstool/go-server/internal/dbq/domain_analyses.sql.go:840.127,842.16 2 0
dnstool/go-server/internal/dbq/domain_analyses.sql.go:842.16,844.3 1 0
dnstool/go-server/internal/dbq/domain_analyses.sql.go:845.2,847.18 3 0
dnstool/go-server/internal/dbq/domain_analyses.sql.go:847.18,879.17 2 0
dnstool/go-server/internal/dbq/domain_analyses.sql.go:879.17,881.4 1 0
dnstool/go-server/internal/dbq/domain_analyses.sql.go:882.3,882.27 1 0
dnstool/go-server/internal/dbq/domain_analyses.sql.go:884.2,884.35 1 0
dnstool/go-server/internal/dbq/domain_analyses.sql.go:884.35,886.3 1 0
dnstool/go-server/internal/dbq/domain_analyses.sql.go:887.2,887.19 1 0
dnstool/go-server/internal/dbq/domain_analyses.sql.go:932.87,953.2 2 0
dnstool/go-server/internal/dbq/ice.sql.go:33.121,35.16 2 0
dnstool/go-server/internal/dbq/ice.sql.go:35.16,37.3 1 0
dnstool/go-server/internal/dbq/ice.sql.go:38.2,40.18 3 0
dnstool/go-server/internal/dbq/ice.sql.go:40.18,48.17 2 0
dnstool/go-server/internal/dbq/ice.sql.go:48.17,50.4 1 0
dnstool/go-server/internal/dbq/ice.sql.go:51.3,51.27 1 0
dnstool/go-server/internal/dbq/ice.sql.go:53.2,53.35 1 0
dnstool/go-server/internal/dbq/ice.sql.go:53.35,55.3 1 0
dnstool/go-server/internal/dbq/ice.sql.go:56.2,56.19 1 0
dnstool/go-server/internal/dbq/ice.sql.go:77.92,79.16 2 0
dnstool/go-server/internal/dbq/ice.sql.go:79.16,81.3 1 0
dnstool/go-server/internal/dbq/ice.sql.go:82.2,84.18 3 0
dnstool/go-server/internal/dbq/ice.sql.go:84.18,95.17 2 0
dnstool/go-server/internal/dbq/ice.sql.go:95.17,97.4 1 0
dnstool/go-server/internal/dbq/ice.sql.go:98.3,98.27 1 0
dnstool/go-server/internal/dbq/ice.sql.go:100.2,100.35 1 0
dnstool/go-server/internal/dbq/ice.sql.go:100.35,102.3 1 0
dnstool/go-server/internal/dbq/ice.sql.go:103.2,103.19 1 0
dnstool/go-server/internal/dbq/ice.sql.go:124.119,126.16 2 0
dnstool/go-server/internal/dbq/ice.sql.go:126.16,128.3 1 0
dnstool/go-server/internal/dbq/ice.sql.go:129.2,131.18 3 0
dnstool/go-server/internal/dbq/ice.sql.go:131.18,142.17 2 0
dnstool/go-server/internal/dbq/ice.sql.go:142.17,144.4 1 0
dnstool/go-server/internal/dbq/ice.sql.go:145.3,145.27 1 0
dnstool/go-server/internal/dbq/ice.sql.go:147.2,147.35 1 0
dnstool/go-server/internal/dbq/ice.sql.go:147.35,149.3 1 0
dnstool/go-server/internal/dbq/ice.sql.go:150.2,150.19 1 0
dnstool/go-server/internal/dbq/ice.sql.go:160.77,175.2 4 0
dnstool/go-server/internal/dbq/ice.sql.go:200.111,214.2 4 0
dnstool/go-server/internal/dbq/ice.sql.go:233.117,235.16 2 0
dnstool/go-server/internal/dbq/ice.sql.go:235.16,237.3 1 0
dnstool/go-server/internal/dbq/ice.sql.go:238.2,240.18 3 0
dnstool/go-server/internal/dbq/ice.sql.go:240.18,250.17 2 0
dnstool/go-server/internal/dbq/ice.sql.go:250.17,252.4 1 0
dnstool/go-server/internal/dbq/ice.sql.go:253.3,253.27 1 0
dnstool/go-server/internal/dbq/ice.sql.go:255.2,255.35 1 0
dnstool/go-server/internal/dbq/ice.sql.go:255.35,257.3 1 0
dnstool/go-server/internal/dbq/ice.sql.go:258.2,258.19 1 0
dnstool/go-server/internal/dbq/ice.sql.go:280.107,282.16 2 0
dnstool/go-server/internal/dbq/ice.sql.go:282.16,284.3 1 0
dnstool/go-server/internal/dbq/ice.sql.go:285.2,287.18 3 0
dnstool/go-server/internal/dbq/ice.sql.go:287.18,299.17 2 0
dnstool/go-server/internal/dbq/ice.sql.go:299.17,301.4 1 0
dnstool/go-server/internal/dbq/ice.sql.go:302.3,302.27 1 0
dnstool/go-server/internal/dbq/ice.sql.go:304.2,304.35 1 0
dnstool/go-server/internal/dbq/ice.sql.go:304.35,306.3 1 0
dnstool/go-server/internal/dbq/ice.sql.go:307.2,307.19 1 0
dnstool/go-server/internal/dbq/ice.sql.go:325.99,336.2 2 0
dnstool/go-server/internal/dbq/ice.sql.go:356.91,370.2 2 0
dnstool/go-server/internal/dbq/ice.sql.go:393.117,406.2 4 0
dnstool/go-server/internal/dbq/ice.sql.go:430.95,441.2 2 0
dnstool/go-server/internal/dbq/ice.sql.go:466.95,477.2 2 0
dnstool/go-server/internal/dbq/user_analyses.sql.go:29.114,34.2 4 0
dnstool/go-server/internal/dbq/user_analyses.sql.go:44.87,49.2 4 0
dnstool/go-server/internal/dbq/user_analyses.sql.go:62.95,65.2 2 0
dnstool/go-server/internal/dbq/user_analyses.sql.go:101.116,103.16 2 0
dnstool/go-server/internal/dbq/user_analyses.sql.go:103.16,105.3 1 0
dnstool/go-server/internal/dbq/user_analyses.sql.go:106.2,108.18 3 0
dnstool/go-server/internal/dbq/user_analyses.sql.go:108.18,122.17 2 0
dnstool/go-server/internal/dbq/user_analyses.sql.go:122.17,124.4 1 0
dnstool/go-server/internal/dbq/user_analyses.sql.go:125.3,125.27 1 0
dnstool/go-server/internal/dbq/user_analyses.sql.go:127.2,127.35 1 0
dnstool/go-server/internal/dbq/user_analyses.sql.go:127.35,129.3 1 0
dnstool/go-server/internal/dbq/user_analyses.sql.go:130.2,130.19 1 0
dnstool/go-server/internal/dbq/user_analyses.sql.go:156.131,158.16 2 0
dnstool/go-server/internal/dbq/user_analyses.sql.go:158.16,160.3 1 0
dnstool/go-server/internal/dbq/user_analyses.sql.go:161.2,163.18 3 0
dnstool/go-server/internal/dbq/user_analyses.sql.go:163.18,165.76 2 0
dnstool/go-server/internal/dbq/user_analyses.sql.go:165.76,167.4 1 0
dnstool/go-server/internal/dbq/user_analyses.sql.go:168.3,168.27 1 0
dnstool/go-server/internal/dbq/user_analyses.sql.go:170.2,170.35 1 0
dnstool/go-server/internal/dbq/user_analyses.sql.go:170.35,172.3 1 0
dnstool/go-server/internal/dbq/user_analyses.sql.go:173.2,173.19 1 0
dnstool/go-server/internal/dbq/user_analyses.sql.go:212.122,219.16 2 0
dnstool/go-server/internal/dbq/user_analyses.sql.go:219.16,221.3 1 0
dnstool/go-server/internal/dbq/user_analyses.sql.go:222.2,224.18 3 0
dnstool/go-server/internal/dbq/user_analyses.sql.go:224.18,238.17 2 0
dnstool/go-server/internal/dbq/user_analyses.sql.go:238.17,240.4 1 0
dnstool/go-server/internal/dbq/user_analyses.sql.go:241.3,241.27 1 0
dnstool/go-server/internal/dbq/user_analyses.sql.go:243.2,243.35 1 0
dnstool/go-server/internal/dbq/user_analyses.sql.go:243.35,245.3 1 0
dnstool/go-server/internal/dbq/user_analyses.sql.go:246.2,246.19 1 0
dnstool/go-server/internal/dbq/users.sql.go:18.71,23.2 4 0
dnstool/go-server/internal/dbq/users.sql.go:35.85,38.2 2 0
dnstool/go-server/internal/dbq/users.sql.go:44.68,47.2 2 0
dnstool/go-server/internal/dbq/users.sql.go:53.71,56.2 2 0
dnstool/go-server/internal/dbq/users.sql.go:77.85,92.2 4 0
dnstool/go-server/internal/dbq/users.sql.go:98.83,111.2 4 0
dnstool/go-server/internal/dbq/users.sql.go:117.91,130.2 4 0
dnstool/go-server/internal/dbq/users.sql.go:136.76,149.2 4 0
dnstool/go-server/internal/dbq/users.sql.go:155.75,158.2 2 0
dnstool/go-server/internal/dbq/users.sql.go:164.79,167.2 2 0
dnstool/go-server/internal/dbq/users.sql.go:184.87,202.2 4 0
dnstool/go-server/internal/dbq/zone_imports.sql.go:37.114,52.2 4 0
dnstool/go-server/internal/dbq/zone_imports.sql.go:79.125,81.16 2 0
dnstool/go-server/internal/dbq/zone_imports.sql.go:81.16,83.3 1 0
dnstool/go-server/internal/dbq/zone_imports.sql.go:84.2,86.18 3 0
dnstool/go-server/internal/dbq/zone_imports.sql.go:86.18,97.17 2 0
dnstool/go-server/internal/dbq/zone_imports.sql.go:97.17,99.4 1 0
dnstool/go-server/internal/dbq/zone_imports.sql.go:100.3,100.27 1 0
dnstool/go-server/internal/dbq/zone_imports.sql.go:102.2,102.35 1 0
dnstool/go-server/internal/dbq/zone_imports.sql.go:102.35,104.3 1 0
dnstool/go-server/internal/dbq/zone_imports.sql.go:105.2,105.19 1 0
dnstool/go-server/internal/analyzer/ai_surface_bridge.go:11.88,14.2 2 0
dnstool/go-server/internal/analyzer/analyzer.go:46.38,47.34 1 0
dnstool/go-server/internal/analyzer/analyzer.go:47.34,50.10 2 0
dnstool/go-server/internal/analyzer/analyzer.go:53.36,67.32 2 1
dnstool/go-server/internal/analyzer/analyzer.go:67.32,69.10 1 0
dnstool/go-server/internal/analyzer/analyzer.go:71.9,73.17 2 1
dnstool/go-server/internal/analyzer/analyzer.go:76.40,81.23 4 1
dnstool/go-server/internal/analyzer/analyzer.go:81.23,84.10 2 0
dnstool/go-server/internal/analyzer/analyzer.go:86.9,87.23 2 1
dnstool/go-server/internal/analyzer/analyzer.go:87.23,90.10 2 0
dnstool/go-server/internal/analyzer/analyzer.go:92.9,96.58 2 1
dnstool/go-server/internal/analyzer/analyzer.go:96.58,99.10 2 0
dnstool/go-server/internal/analyzer/analyzer.go:101.9,101.43 1 1
dnstool/go-server/internal/analyzer/analyzer.go:101.43,102.34 1 1
dnstool/go-server/internal/analyzer/analyzer.go:102.34,103.33 1 0
dnstool/go-server/internal/analyzer/analyzer.go:105.17,106.56 2 1
dnstool/go-server/internal/analyzer/analyzer.go:106.56,107.50 1 1
dnstool/go-server/internal/analyzer/analyzer.go:107.50,109.26 1 1
dnstool/go-server/internal/analyzer/analyzer.go:112.9,112.75 1 1
dnstool/go-server/internal/analyzer/analyzer.go:115.51,117.2 1 0
dnstool/go-server/internal/analyzer/analyzer.go:119.71,123.16 4 1
dnstool/go-server/internal/analyzer/analyzer.go:123.16,125.10 1 1
dnstool/go-server/internal/analyzer/analyzer.go:126.9,126.55 1 0
dnstool/go-server/internal/analyzer/analyzer.go:126.55,128.10 1 0
dnstool/go-server/internal/analyzer/analyzer.go:129.9,129.32 1 0
dnstool/go-server/internal/analyzer/analyzer.go:132.71,134.2 1 0
dnstool/go-server/internal/analyzer/analyzer.go:136.69,140.33 4 1
dnstool/go-server/internal/analyzer/analyzer.go:140.33,142.45 2 0
dnstool/go-server/internal/analyzer/analyzer.go:142.45,143.55 1 0
dnstool/go-server/internal/analyzer/analyzer.go:143.55,145.26 1 0
dnstool/go-server/internal/analyzer/asn_lookup.go:20.90,45.37 13 0
dnstool/go-server/internal/analyzer/asn_lookup.go:45.37,47.10 1 0
dnstool/go-server/internal/analyzer/asn_lookup.go:48.9,50.59 2 0
dnstool/go-server/internal/analyzer/asn_lookup.go:50.59,53.10 2 0
dnstool/go-server/internal/analyzer/asn_lookup.go:53.15,55.10 1 0
dnstool/go-server/internal/analyzer/asn_lookup.go:57.9,57.22 1 0
dnstool/go-server/internal/analyzer/asn_lookup.go:60.121,62.32 2 0
dnstool/go-server/internal/analyzer/asn_lookup.go:62.32,66.10 3 0
dnstool/go-server/internal/analyzer/asn_lookup.go:67.9,67.23 1 0
dnstool/go-server/internal/analyzer/asn_lookup.go:70.121,72.32 2 0
dnstool/go-server/internal/analyzer/asn_lookup.go:72.32,76.10 3 0
dnstool/go-server/internal/analyzer/asn_lookup.go:77.9,77.23 1 0
dnstool/go-server/internal/analyzer/asn_lookup.go:80.81,82.27 2 0
dnstool/go-server/internal/analyzer/asn_lookup.go:82.27,84.10 1 0
dnstool/go-server/internal/analyzer/asn_lookup.go:86.9,94.30 4 0
dnstool/go-server/internal/analyzer/asn_lookup.go:94.30,97.10 2 0
dnstool/go-server/internal/analyzer/asn_lookup.go:99.9,101.20 3 0
dnstool/go-server/internal/analyzer/asn_lookup.go:104.81,106.27 2 0
dnstool/go-server/internal/analyzer/asn_lookup.go:106.27,108.10 1 0
dnstool/go-server/internal/analyzer/asn_lookup.go:110.9,118.30 4 0
dnstool/go-server/internal/analyzer/asn_lookup.go:118.30,121.10 2 0
dnstool/go-server/internal/analyzer/asn_lookup.go:123.9,125.20 3 0
dnstool/go-server/internal/analyzer/asn_lookup.go:128.65,131.27 3 0
dnstool/go-server/internal/analyzer/asn_lookup.go:131.27,133.10 1 0
dnstool/go-server/internal/analyzer/asn_lookup.go:134.9,136.54 3 0
dnstool/go-server/internal/analyzer/asn_lookup.go:184.74,186.22 2 0
dnstool/go-server/internal/analyzer/asn_lookup.go:186.22,188.10 1 0
dnstool/go-server/internal/analyzer/asn_lookup.go:189.9,191.29 3 0
dnstool/go-server/internal/analyzer/asn_lookup.go:191.29,194.36 3 0
dnstool/go-server/internal/analyzer/asn_lookup.go:194.36,196.39 2 0
dnstool/go-server/internal/analyzer/asn_lookup.go:196.39,199.26 2 0
dnstool/go-server/internal/analyzer/asn_lookup.go:203.9,203.50 1 0
dnstool/go-server/internal/analyzer/asn_lookup.go:203.50,205.10 1 0
dnstool/go-server/internal/analyzer/asn_lookup.go:208.70,210.22 2 0
dnstool/go-server/internal/analyzer/asn_lookup.go:210.22,212.10 1 0
dnstool/go-server/internal/analyzer/asn_lookup.go:213.9,213.43 1 0
dnstool/go-server/internal/analyzer/asn_lookup.go:213.43,219.10 1 0
dnstool/go-server/internal/analyzer/asn_lookup.go:222.36,224.28 2 0
dnstool/go-server/internal/analyzer/asn_lookup.go:224.28,226.10 1 0
dnstool/go-server/internal/analyzer/asn_lookup.go:227.9,227.82 1 0
dnstool/go-server/internal/analyzer/asn_lookup.go:230.36,234.27 3 0
dnstool/go-server/internal/analyzer/asn_lookup.go:234.27,236.10 1 0
dnstool/go-server/internal/analyzer/asn_lookup.go:238.9,239.23 2 0
dnstool/go-server/internal/analyzer/asn_lookup.go:239.23,241.10 1 0
dnstool/go-server/internal/analyzer/asn_lookup.go:243.9,244.31 2 0
dnstool/go-server/internal/analyzer/asn_lookup.go:244.31,246.10 1 0
dnstool/go-server/internal/analyzer/asn_lookup.go:248.9,249.33 2 0
dnstool/go-server/internal/analyzer/asn_lookup.go:249.33,251.27 2 0
dnstool/go-server/internal/analyzer/asn_lookup.go:251.27,253.18 1 0
dnstool/go-server/internal/analyzer/asn_lookup.go:255.9,255.32 1 0
dnstool/go-server/internal/analyzer/asn_lookup.go:258.35,259.39 1 0
dnstool/go-server/internal/analyzer/asn_lookup.go:259.39,264.32 5 0
dnstool/go-server/internal/analyzer/asn_lookup.go:264.32,266.18 1 0
dnstool/go-server/internal/analyzer/asn_lookup.go:267.17,269.46 3 0
dnstool/go-server/internal/analyzer/asn_lookup.go:269.46,271.18 1 0
dnstool/go-server/internal/analyzer/asn_lookup.go:272.17,273.37 2 0
dnstool/go-server/internal/analyzer/asn_lookup.go:273.37,275.18 1 0
dnstool/go-server/internal/analyzer/asn_lookup.go:276.17,276.47 1 0
dnstool/go-server/internal/analyzer/asn_lookup.go:279.9,280.28 2 0
dnstool/go-server/internal/analyzer/asn_lookup.go:280.28,282.10 1 0
dnstool/go-server/internal/analyzer/asn_lookup.go:283.9,283.30 1 0
dnstool/go-server/internal/analyzer/asn_lookup.go:283.30,285.10 1 0
dnstool/go-server/internal/analyzer/asn_lookup.go:286.9,286.40 1 0
dnstool/go-server/internal/analyzer/asn_lookup.go:289.30,290.24 1 0
dnstool/go-server/internal/analyzer/asn_lookup.go:290.24,292.10 1 0
dnstool/go-server/internal/analyzer/asn_lookup.go:293.9,293.17 1 0
dnstool/go-server/internal/analyzer/asn_lookup.go:296.40,298.30 2 0
dnstool/go-server/internal/analyzer/asn_lookup.go:298.30,299.28 1 0
dnstool/go-server/internal/analyzer/asn_lookup.go:299.28,301.18 1 0
dnstool/go-server/internal/analyzer/asn_lookup.go:303.9,303.22 1 0
dnstool/go-server/internal/analyzer/bimi.go:17.99,25.2 5 0
dnstool/go-server/internal/analyzer/bimi.go:27.105,31.47 3 0
dnstool/go-server/internal/analyzer/bimi.go:31.47,33.67 2 0
dnstool/go-server/internal/analyzer/bimi.go:33.67,35.4 1 0
dnstool/go-server/internal/analyzer/bimi.go:36.8,36.26 1 0
dnstool/go-server/internal/analyzer/bimi.go:36.26,38.66 2 0
dnstool/go-server/internal/analyzer/bimi.go:38.66,41.4 2 0
dnstool/go-server/internal/analyzer/bimi.go:42.8,42.27 1 0
dnstool/go-server/internal/analyzer/bimi.go:42.27,44.32 2 0
dnstool/go-server/internal/analyzer/bimi.go:44.32,46.4 1 0
dnstool/go-server/internal/analyzer/bimi.go:47.3,47.55 1 0
dnstool/go-server/internal/analyzer/bimi.go:48.8,51.3 2 0
dnstool/go-server/internal/analyzer/bimi.go:53.2,53.22 1 0
dnstool/go-server/internal/analyzer/bimi.go:56.109,57.49 1 0
dnstool/go-server/internal/analyzer/bimi.go:57.49,58.67 1 0
dnstool/go-server/internal/analyzer/bimi.go:58.67,61.4 2 0
dnstool/go-server/internal/analyzer/bimi.go:63.2,63.14 1 0
dnstool/go-server/internal/analyzer/bimi.go:66.51,68.28 2 0
dnstool/go-server/internal/analyzer/bimi.go:68.28,69.55 1 0
dnstool/go-server/internal/analyzer/bimi.go:69.55,71.4 1 0
dnstool/go-server/internal/analyzer/bimi.go:73.2,73.14 1 0
dnstool/go-server/internal/analyzer/bimi.go:76.63,77.58 1 0
dnstool/go-server/internal/analyzer/bimi.go:77.58,79.3 1 0
dnstool/go-server/internal/analyzer/bimi.go:80.2,80.57 1 0
dnstool/go-server/internal/analyzer/bimi.go:80.57,82.3 1 0
dnstool/go-server/internal/analyzer/bimi.go:83.2,83.8 1 0
dnstool/go-server/internal/analyzer/bimi.go:86.120,88.20 2 0
dnstool/go-server/internal/analyzer/bimi.go:88.20,90.3 1 0
dnstool/go-server/internal/analyzer/bimi.go:90.8,92.3 1 0
dnstool/go-server/internal/analyzer/bimi.go:93.2,93.19 1 0
dnstool/go-server/internal/analyzer/bimi.go:93.19,95.3 1 0
dnstool/go-server/internal/analyzer/bimi.go:95.8,97.3 1 0
dnstool/go-server/internal/analyzer/bimi.go:98.2,98.26 1 0
dnstool/go-server/internal/analyzer/bimi.go:101.83,120.23 4 0
dnstool/go-server/internal/analyzer/bimi.go:120.23,122.3 1 0
dnstool/go-server/internal/analyzer/bimi.go:124.2,125.28 2 0
dnstool/go-server/internal/analyzer/bimi.go:125.28,128.3 2 0
dnstool/go-server/internal/analyzer/bimi.go:130.2,148.3 5 0
dnstool/go-server/internal/analyzer/bimi.go:151.85,154.15 2 0
dnstool/go-server/internal/analyzer/bimi.go:154.15,157.3 2 0
dnstool/go-server/internal/analyzer/bimi.go:159.2,160.16 2 0
dnstool/go-server/internal/analyzer/bimi.go:160.16,163.3 2 0
dnstool/go-server/internal/analyzer/bimi.go:165.2,166.16 2 0
dnstool/go-server/internal/analyzer/bimi.go:166.16,169.3 2 0
dnstool/go-server/internal/analyzer/bimi.go:171.2,171.28 1 0
dnstool/go-server/internal/analyzer/bimi.go:171.28,174.3 2 0
dnstool/go-server/internal/analyzer/bimi.go:176.2,177.15 2 0
dnstool/go-server/internal/analyzer/bimi.go:180.85,182.9 2 0
dnstool/go-server/internal/analyzer/bimi.go:183.40,185.27 2 0
dnstool/go-server/internal/analyzer/bimi.go:186.42,189.22 3 0
dnstool/go-server/internal/analyzer/bimi.go:189.22,191.4 1 0
dnstool/go-server/internal/analyzer/bimi.go:192.10,194.40 2 0
dnstool/go-server/internal/analyzer/bimi.go:194.40,197.4 2 0
dnstool/go-server/internal/analyzer/bimi.go:197.9,199.4 1 0
dnstool/go-server/internal/analyzer/bimi.go:203.84,206.15 2 0
dnstool/go-server/internal/analyzer/bimi.go:206.15,209.3 2 0
dnstool/go-server/internal/analyzer/bimi.go:211.2,212.16 2 0
dnstool/go-server/internal/analyzer/bimi.go:212.16,215.3 2 0
dnstool/go-server/internal/analyzer/bimi.go:217.2,218.16 2 0
dnstool/go-server/internal/analyzer/bimi.go:218.16,221.3 2 0
dnstool/go-server/internal/analyzer/bimi.go:223.2,223.28 1 0
dnstool/go-server/internal/analyzer/bimi.go:223.28,226.3 2 0
dnstool/go-server/internal/analyzer/bimi.go:228.2,229.15 2 0
dnstool/go-server/internal/analyzer/bimi.go:232.68,233.63 1 0
dnstool/go-server/internal/analyzer/bimi.go:233.63,236.3 2 0
dnstool/go-server/internal/analyzer/bimi.go:237.2,238.9 2 0
dnstool/go-server/internal/analyzer/bimi.go:239.45,240.32 1 0
dnstool/go-server/internal/analyzer/bimi.go:241.44,242.31 1 0
dnstool/go-server/internal/analyzer/bimi.go:243.47,244.34 1 0
dnstool/go-server/internal/analyzer/bimi.go:245.10,246.35 1 0
dnstool/go-server/internal/analyzer/caa.go:11.45,13.9 2 0
dnstool/go-server/internal/analyzer/caa.go:14.46,15.25 1 0
dnstool/go-server/internal/analyzer/caa.go:16.43,17.20 1 0
dnstool/go-server/internal/analyzer/caa.go:18.79,19.19 1 0
dnstool/go-server/internal/analyzer/caa.go:20.45,21.22 1 0
dnstool/go-server/internal/analyzer/caa.go:22.41,23.18 1 0
dnstool/go-server/internal/analyzer/caa.go:24.41,25.33 1 0
dnstool/go-server/internal/analyzer/caa.go:26.10,28.22 2 0
dnstool/go-server/internal/analyzer/caa.go:28.22,30.4 1 0
dnstool/go-server/internal/analyzer/caa.go:31.3,31.12 1 0
dnstool/go-server/internal/analyzer/caa.go:42.57,47.33 2 0
dnstool/go-server/internal/analyzer/caa.go:47.33,49.3 1 0
dnstool/go-server/internal/analyzer/caa.go:50.2,50.15 1 0
dnstool/go-server/internal/analyzer/caa.go:53.68,56.42 2 0
dnstool/go-server/internal/analyzer/caa.go:56.42,58.55 2 0
dnstool/go-server/internal/analyzer/caa.go:58.55,60.4 1 0
dnstool/go-server/internal/analyzer/caa.go:61.8,61.84 1 0
dnstool/go-server/internal/analyzer/caa.go:61.84,62.55 1 0
dnstool/go-server/internal/analyzer/caa.go:62.55,64.4 1 0
dnstool/go-server/internal/analyzer/caa.go:67.2,67.38 1 0
dnstool/go-server/internal/analyzer/caa.go:67.38,69.3 1 0
dnstool/go-server/internal/analyzer/caa.go:72.49,74.19 2 0
dnstool/go-server/internal/analyzer/caa.go:74.19,76.3 1 0
dnstool/go-server/internal/analyzer/caa.go:77.2,77.13 1 0
dnstool/go-server/internal/analyzer/caa.go:80.82,82.22 2 0
dnstool/go-server/internal/analyzer/caa.go:82.22,84.3 1 0
dnstool/go-server/internal/analyzer/caa.go:84.8,86.3 1 0
dnstool/go-server/internal/analyzer/caa.go:88.2,88.17 1 0
dnstool/go-server/internal/analyzer/caa.go:88.17,89.31 1 0
dnstool/go-server/internal/analyzer/caa.go:89.31,91.4 1 0
dnstool/go-server/internal/analyzer/caa.go:91.9,93.4 1 0
dnstool/go-server/internal/analyzer/caa.go:96.2,96.40 1 0
dnstool/go-server/internal/analyzer/caa.go:99.82,102.23 2 0
dnstool/go-server/internal/analyzer/caa.go:102.23,111.3 1 0
dnstool/go-server/internal/analyzer/caa.go:113.2,127.3 5 0
dnstool/go-server/internal/analyzer/cds_cdnskey.go:14.89,28.25 4 0
dnstool/go-server/internal/analyzer/cds_cdnskey.go:28.25,31.3 2 0
dnstool/go-server/internal/analyzer/cds_cdnskey.go:33.2,33.29 1 0
dnstool/go-server/internal/analyzer/cds_cdnskey.go:33.29,36.3 2 0
dnstool/go-server/internal/analyzer/cds_cdnskey.go:38.2,40.64 2 0
dnstool/go-server/internal/analyzer/cds_cdnskey.go:40.64,43.3 2 0
dnstool/go-server/internal/analyzer/cds_cdnskey.go:43.8,45.3 1 0
dnstool/go-server/internal/analyzer/cds_cdnskey.go:47.2,47.15 1 0
dnstool/go-server/internal/analyzer/cds_cdnskey.go:50.76,55.31 4 0
dnstool/go-server/internal/analyzer/cds_cdnskey.go:55.31,57.3 1 0
dnstool/go-server/internal/analyzer/cds_cdnskey.go:59.2,60.33 2 0
dnstool/go-server/internal/analyzer/cds_cdnskey.go:60.33,61.35 1 0
dnstool/go-server/internal/analyzer/cds_cdnskey.go:61.35,63.4 1 0
dnstool/go-server/internal/analyzer/cds_cdnskey.go:65.2,65.16 1 0
dnstool/go-server/internal/analyzer/cds_cdnskey.go:68.84,73.31 4 0
dnstool/go-server/internal/analyzer/cds_cdnskey.go:73.31,75.3 1 0
dnstool/go-server/internal/analyzer/cds_cdnskey.go:77.2,78.33 2 0
dnstool/go-server/internal/analyzer/cds_cdnskey.go:78.33,79.39 1 0
dnstool/go-server/internal/analyzer/cds_cdnskey.go:79.39,81.4 1 0
dnstool/go-server/internal/analyzer/cds_cdnskey.go:83.2,83.16 1 0
dnstool/go-server/internal/analyzer/cds_cdnskey.go:86.59,88.28 2 0
dnstool/go-server/internal/analyzer/cds_cdnskey.go:88.28,95.61 2 0
dnstool/go-server/internal/analyzer/cds_cdnskey.go:95.61,97.4 1 0
dnstool/go-server/internal/analyzer/cds_cdnskey.go:98.3,98.33 1 0
dnstool/go-server/internal/analyzer/cds_cdnskey.go:100.2,100.15 1 0
dnstool/go-server/internal/analyzer/cds_cdnskey.go:103.67,105.28 2 0
dnstool/go-server/internal/analyzer/cds_cdnskey.go:105.28,112.58 2 0
dnstool/go-server/internal/analyzer/cds_cdnskey.go:112.58,114.4 1 0
dnstool/go-server/internal/analyzer/cds_cdnskey.go:115.3,115.33 1 0
dnstool/go-server/internal/analyzer/cds_cdnskey.go:117.2,117.15 1 0
dnstool/go-server/internal/analyzer/cds_cdnskey.go:120.75,121.40 1 0
dnstool/go-server/internal/analyzer/cds_cdnskey.go:121.40,123.3 1 0
dnstool/go-server/internal/analyzer/cds_cdnskey.go:125.2,125.24 1 0
dnstool/go-server/internal/analyzer/cds_cdnskey.go:125.24,126.61 1 0
dnstool/go-server/internal/analyzer/cds_cdnskey.go:126.61,128.4 1 0
dnstool/go-server/internal/analyzer/cds_cdnskey.go:130.2,130.28 1 0
dnstool/go-server/internal/analyzer/cds_cdnskey.go:130.28,131.58 1 0
dnstool/go-server/internal/analyzer/cds_cdnskey.go:131.58,133.4 1 0
dnstool/go-server/internal/analyzer/cds_cdnskey.go:136.2,136.38 1 0
dnstool/go-server/internal/analyzer/cds_cdnskey.go:136.38,138.3 1 0
dnstool/go-server/internal/analyzer/cds_cdnskey.go:139.2,139.18 1 0
dnstool/go-server/internal/analyzer/cds_cdnskey.go:139.18,141.3 1 0
dnstool/go-server/internal/analyzer/cds_cdnskey.go:142.2,142.23 1 0
dnstool/go-server/internal/analyzer/cds_cdnskey.go:145.52,149.20 3 0
dnstool/go-server/internal/analyzer/cds_cdnskey.go:150.25,151.106 1 0
dnstool/go-server/internal/analyzer/cds_cdnskey.go:152.18,153.72 1 0
dnstool/go-server/internal/analyzer/cds_cdnskey.go:154.22,155.78 1 0
dnstool/go-server/internal/analyzer/cds_cdnskey.go:156.25,157.83 1 0
dnstool/go-server/internal/analyzer/cds_cdnskey.go:160.2,160.53 1 0
dnstool/go-server/internal/analyzer/commands.go:44.90,50.19 4 1
dnstool/go-server/internal/analyzer/commands.go:50.19,54.10 3 1
dnstool/go-server/internal/analyzer/commands.go:56.9,58.19 2 1
dnstool/go-server/internal/analyzer/commands.go:58.19,63.10 4 1
dnstool/go-server/internal/analyzer/commands.go:65.9,70.19 5 1
dnstool/go-server/internal/analyzer/commands.go:70.19,76.10 5 1
dnstool/go-server/internal/analyzer/commands.go:78.9,79.20 2 1
dnstool/go-server/internal/analyzer/commands.go:82.63,90.2 1 1
dnstool/go-server/internal/analyzer/commands.go:92.57,96.2 1 1
dnstool/go-server/internal/analyzer/commands.go:98.59,102.2 1 1
dnstool/go-server/internal/analyzer/commands.go:104.82,106.32 2 1
dnstool/go-server/internal/analyzer/commands.go:106.32,108.10 1 1
dnstool/go-server/internal/analyzer/commands.go:109.9,110.39 2 1
dnstool/go-server/internal/analyzer/commands.go:110.39,117.10 1 1
dnstool/go-server/internal/analyzer/commands.go:118.9,118.20 1 1
dnstool/go-server/internal/analyzer/commands.go:121.60,127.2 1 1
dnstool/go-server/internal/analyzer/commands.go:129.82,132.29 3 1
dnstool/go-server/internal/analyzer/commands.go:132.29,133.44 1 1
dnstool/go-server/internal/analyzer/commands.go:133.44,140.18 1 1
dnstool/go-server/internal/analyzer/commands.go:141.17,146.19 1 1
dnstool/go-server/internal/analyzer/commands.go:147.15,154.10 1 1
dnstool/go-server/internal/analyzer/commands.go:155.9,155.20 1 1
dnstool/go-server/internal/analyzer/commands.go:158.60,163.2 1 1
dnstool/go-server/internal/analyzer/commands.go:165.60,169.2 1 1
dnstool/go-server/internal/analyzer/commands.go:171.58,175.2 1 1
dnstool/go-server/internal/analyzer/commands.go:177.57,181.2 1 1
dnstool/go-server/internal/analyzer/commands.go:183.63,187.2 1 1
dnstool/go-server/internal/analyzer/commands.go:189.82,192.29 3 1
dnstool/go-server/internal/analyzer/commands.go:192.29,199.10 1 1
dnstool/go-server/internal/analyzer/commands.go:200.9,200.20 1 1
dnstool/go-server/internal/analyzer/commands.go:203.56,207.2 1 1
dnstool/go-server/internal/analyzer/commands.go:209.93,212.43 3 1
dnstool/go-server/internal/analyzer/commands.go:212.43,213.37 1 0
dnstool/go-server/internal/analyzer/commands.go:213.37,220.18 1 0
dnstool/go-server/internal/analyzer/commands.go:222.9,222.20 1 1
dnstool/go-server/internal/analyzer/commands.go:225.63,229.2 1 1
dnstool/go-server/internal/analyzer/commands.go:231.66,234.32 3 1
dnstool/go-server/internal/analyzer/commands.go:234.32,241.10 1 1
dnstool/go-server/internal/analyzer/commands.go:242.9,242.20 1 1
dnstool/go-server/internal/analyzer/commands.go:245.57,249.2 1 1
dnstool/go-server/internal/analyzer/commands.go:251.63,256.2 1 1
dnstool/go-server/internal/analyzer/commands.go:258.65,262.2 1 1
dnstool/go-server/internal/analyzer/commands.go:264.65,266.16 2 1
dnstool/go-server/internal/analyzer/commands.go:266.16,268.10 1 1
dnstool/go-server/internal/analyzer/commands.go:269.9,270.16 2 1
dnstool/go-server/internal/analyzer/commands.go:270.16,272.10 1 0
dnstool/go-server/internal/analyzer/commands.go:273.9,274.16 2 1
dnstool/go-server/internal/analyzer/commands.go:274.16,276.24 2 1
dnstool/go-server/internal/analyzer/commands.go:276.24,278.18 1 1
dnstool/go-server/internal/analyzer/commands.go:280.9,280.41 1 1
dnstool/go-server/internal/analyzer/commands.go:283.45,285.34 2 1
dnstool/go-server/internal/analyzer/commands.go:286.23,287.41 1 1
dnstool/go-server/internal/analyzer/commands.go:287.41,289.18 1 1
dnstool/go-server/internal/analyzer/commands.go:290.20,291.41 1 1
dnstool/go-server/internal/analyzer/commands.go:291.41,293.18 1 1
dnstool/go-server/internal/analyzer/commands.go:294.31,295.41 1 0
dnstool/go-server/internal/analyzer/commands.go:295.41,297.18 1 0
dnstool/go-server/internal/analyzer/commands.go:299.9,299.21 1 1
dnstool/go-server/internal/analyzer/commands.go:302.55,303.34 1 1
dnstool/go-server/internal/analyzer/commands.go:304.29,305.55 1 1
dnstool/go-server/internal/analyzer/commands.go:305.55,307.39 2 1
dnstool/go-server/internal/analyzer/commands.go:307.39,309.26 1 1
dnstool/go-server/internal/analyzer/commands.go:310.23,310.70 1 0
dnstool/go-server/internal/analyzer/commands.go:310.70,312.43 2 0
dnstool/go-server/internal/analyzer/commands.go:312.43,314.26 1 0
dnstool/go-server/internal/analyzer/commands.go:316.21,318.36 2 1
dnstool/go-server/internal/analyzer/commands.go:318.36,320.39 2 1
dnstool/go-server/internal/analyzer/commands.go:320.39,322.26 1 1
dnstool/go-server/internal/analyzer/commands.go:325.9,325.21 1 1
dnstool/go-server/internal/analyzer/commands.go:328.60,330.16 2 1
dnstool/go-server/internal/analyzer/commands.go:330.16,332.24 2 1
dnstool/go-server/internal/analyzer/commands.go:332.24,334.18 1 1
dnstool/go-server/internal/analyzer/commands.go:336.9,337.16 2 1
dnstool/go-server/internal/analyzer/commands.go:337.16,339.10 1 0
dnstool/go-server/internal/analyzer/commands.go:340.9,341.16 2 1
dnstool/go-server/internal/analyzer/commands.go:341.16,343.10 1 0
dnstool/go-server/internal/analyzer/commands.go:344.9,345.40 2 1
dnstool/go-server/internal/analyzer/commands.go:346.29,347.47 1 1
dnstool/go-server/internal/analyzer/commands.go:347.47,350.18 2 1
dnstool/go-server/internal/analyzer/commands.go:351.20,352.39 1 0
dnstool/go-server/internal/analyzer/commands.go:352.39,353.46 1 0
dnstool/go-server/internal/analyzer/commands.go:354.37,355.59 1 0
dnstool/go-server/internal/analyzer/commands.go:356.45,357.75 1 0
dnstool/go-server/internal/analyzer/commands.go:357.75,359.34 1 0
dnstool/go-server/internal/analyzer/commands.go:359.39,359.78 1 0
dnstool/go-server/internal/analyzer/commands.go:359.78,361.34 1 0
dnstool/go-server/internal/analyzer/commands.go:365.9,365.29 1 1
dnstool/go-server/internal/analyzer/commands.go:365.29,367.10 1 0
dnstool/go-server/internal/analyzer/commands.go:368.9,369.22 2 1
dnstool/go-server/internal/analyzer/commands.go:372.65,373.60 1 1
dnstool/go-server/internal/analyzer/commands.go:373.60,374.58 1 0
dnstool/go-server/internal/analyzer/commands.go:374.58,376.18 1 0
dnstool/go-server/internal/analyzer/commands.go:378.9,379.16 2 1
dnstool/go-server/internal/analyzer/commands.go:379.16,381.10 1 1
dnstool/go-server/internal/analyzer/commands.go:382.9,383.16 2 0
dnstool/go-server/internal/analyzer/commands.go:383.16,385.10 1 0
dnstool/go-server/internal/analyzer/commands.go:386.9,387.16 2 0
dnstool/go-server/internal/analyzer/commands.go:387.16,389.10 1 0
dnstool/go-server/internal/analyzer/commands.go:390.9,391.17 2 0
dnstool/go-server/internal/analyzer/commands.go:394.62,396.30 2 1
dnstool/go-server/internal/analyzer/commands.go:396.30,398.10 1 1
dnstool/go-server/internal/analyzer/commands.go:399.9,400.16 2 0
dnstool/go-server/internal/analyzer/commands.go:400.16,402.24 2 0
dnstool/go-server/internal/analyzer/commands.go:402.24,404.18 1 0
dnstool/go-server/internal/analyzer/commands.go:406.9,407.16 2 0
dnstool/go-server/internal/analyzer/commands.go:407.16,409.10 1 0
dnstool/go-server/internal/analyzer/commands.go:410.9,411.38 2 0
dnstool/go-server/internal/analyzer/commands.go:411.38,412.38 1 0
dnstool/go-server/internal/analyzer/commands.go:413.29,414.51 1 0
dnstool/go-server/internal/analyzer/commands.go:415.37,416.62 1 0
dnstool/go-server/internal/analyzer/commands.go:416.62,418.26 1 0
dnstool/go-server/internal/analyzer/commands.go:421.9,421.22 1 0
dnstool/go-server/internal/analyzer/commands.go:424.61,426.16 2 1
dnstool/go-server/internal/analyzer/commands.go:426.16,428.10 1 1
dnstool/go-server/internal/analyzer/commands.go:429.9,430.16 2 1
dnstool/go-server/internal/analyzer/commands.go:430.16,432.10 1 0
dnstool/go-server/internal/analyzer/commands.go:433.9,434.48 2 1
dnstool/go-server/internal/analyzer/commands.go:434.48,435.54 1 1
dnstool/go-server/internal/analyzer/commands.go:435.54,436.53 1 1
dnstool/go-server/internal/analyzer/commands.go:437.39,438.54 1 1
dnstool/go-server/internal/analyzer/commands.go:438.54,439.57 1 1
dnstool/go-server/internal/analyzer/commands.go:439.57,441.42 1 1
dnstool/go-server/internal/analyzer/commands.go:443.36,444.53 1 1
dnstool/go-server/internal/analyzer/commands.go:444.53,445.85 1 1
dnstool/go-server/internal/analyzer/commands.go:445.85,447.42 1 1
dnstool/go-server/internal/analyzer/commands.go:450.25,450.41 1 1
dnstool/go-server/internal/analyzer/commands.go:450.41,451.38 1 1
dnstool/go-server/internal/analyzer/commands.go:455.9,455.19 1 1
dnstool/go-server/internal/analyzer/commands.go:458.34,460.28 2 1
dnstool/go-server/internal/analyzer/commands.go:460.28,462.10 1 0
dnstool/go-server/internal/analyzer/commands.go:463.9,463.75 1 1
dnstool/go-server/internal/analyzer/confidence.go:35.64,41.2 1 0
dnstool/go-server/internal/analyzer/confidence.go:43.58,45.2 1 0
dnstool/go-server/internal/analyzer/confidence.go:47.58,49.2 1 0
dnstool/go-server/internal/analyzer/confidence.go:51.60,53.2 1 0
dnstool/go-server/internal/analyzer/crypto_policy.go:124.72,125.56 1 0
dnstool/go-server/internal/analyzer/crypto_policy.go:125.56,127.10 1 0
dnstool/go-server/internal/analyzer/crypto_policy.go:128.9,134.10 1 0
dnstool/go-server/internal/analyzer/crypto_policy.go:137.69,138.24 1 0
dnstool/go-server/internal/analyzer/crypto_policy.go:139.20,140.24 1 0
dnstool/go-server/internal/analyzer/crypto_policy.go:141.37,147.26 1 0
dnstool/go-server/internal/analyzer/crypto_policy.go:148.38,154.26 1 0
dnstool/go-server/internal/analyzer/crypto_policy.go:155.38,161.26 1 0
dnstool/go-server/internal/analyzer/crypto_policy.go:162.38,168.26 1 0
dnstool/go-server/internal/analyzer/crypto_policy.go:169.38,175.26 1 0
dnstool/go-server/internal/analyzer/crypto_policy.go:176.25,182.26 1 0
dnstool/go-server/internal/analyzer/crypto_policy.go:184.24,190.18 1 0
dnstool/go-server/internal/analyzer/crypto_policy.go:191.17,197.18 1 0
dnstool/go-server/internal/analyzer/crypto_policy.go:201.60,202.47 1 0
dnstool/go-server/internal/analyzer/crypto_policy.go:202.47,204.10 1 0
dnstool/go-server/internal/analyzer/crypto_policy.go:205.9,209.10 1 0
dnstool/go-server/internal/analyzer/dane.go:34.76,36.50 2 0
dnstool/go-server/internal/analyzer/dane.go:36.50,37.41 1 0
dnstool/go-server/internal/analyzer/dane.go:37.41,38.40 1 0
dnstool/go-server/internal/analyzer/dane.go:38.40,46.5 1 0
dnstool/go-server/internal/analyzer/dane.go:49.2,49.12 1 0
dnstool/go-server/internal/analyzer/dane.go:52.83,54.20 2 0
dnstool/go-server/internal/analyzer/dane.go:54.20,56.3 1 0
dnstool/go-server/internal/analyzer/dane.go:57.2,63.24 6 0
dnstool/go-server/internal/analyzer/dane.go:63.24,65.3 1 0
dnstool/go-server/internal/analyzer/dane.go:67.2,80.30 2 0
dnstool/go-server/internal/analyzer/dane.go:80.30,82.3 1 0
dnstool/go-server/internal/analyzer/dane.go:84.2,84.18 1 0
dnstool/go-server/internal/analyzer/dane.go:87.95,92.19 4 0
dnstool/go-server/internal/analyzer/dane.go:92.19,94.3 1 0
dnstool/go-server/internal/analyzer/dane.go:96.2,96.28 1 0
dnstool/go-server/internal/analyzer/dane.go:96.28,97.61 1 0
dnstool/go-server/internal/analyzer/dane.go:97.61,99.4 1 0
dnstool/go-server/internal/analyzer/dane.go:102.2,102.22 1 0
dnstool/go-server/internal/analyzer/dane.go:105.51,106.28 1 0
dnstool/go-server/internal/analyzer/dane.go:106.28,108.3 1 0
dnstool/go-server/internal/analyzer/dane.go:109.2,109.41 1 0
dnstool/go-server/internal/analyzer/dane.go:112.50,115.31 3 0
dnstool/go-server/internal/analyzer/dane.go:115.31,118.22 3 0
dnstool/go-server/internal/analyzer/dane.go:118.22,120.4 1 0
dnstool/go-server/internal/analyzer/dane.go:120.9,120.29 1 0
dnstool/go-server/internal/analyzer/dane.go:120.29,122.4 1 0
dnstool/go-server/internal/analyzer/dane.go:123.3,123.47 1 0
dnstool/go-server/internal/analyzer/dane.go:123.47,126.4 2 0
dnstool/go-server/internal/analyzer/dane.go:128.2,128.16 1 0
dnstool/go-server/internal/analyzer/dane.go:131.37,132.15 1 0
dnstool/go-server/internal/analyzer/dane.go:132.15,134.3 1 0
dnstool/go-server/internal/analyzer/dane.go:135.2,135.11 1 0
dnstool/go-server/internal/analyzer/dane.go:138.59,140.30 2 0
[...]
dnstool/go-server/internal/templates/funcs.go:328.28,330.10 1 0
dnstool/go-server/internal/templates/funcs.go:331.9,331.30 1 0
dnstool/go-server/internal/templates/funcs.go:332.28,333.25 1 0
dnstool/go-server/internal/templates/funcs.go:334.23,336.39 2 0
dnstool/go-server/internal/templates/funcs.go:336.39,338.18 1 0
dnstool/go-server/internal/templates/funcs.go:339.17,339.30 1 0
dnstool/go-server/internal/templates/funcs.go:340.39,342.37 2 0
dnstool/go-server/internal/templates/funcs.go:342.37,344.18 1 0
dnstool/go-server/internal/templates/funcs.go:345.17,345.30 1 0
dnstool/go-server/internal/templates/funcs.go:346.17,347.27 1 0
dnstool/go-server/internal/templates/funcs.go:351.49,352.21 1 0
dnstool/go-server/internal/templates/funcs.go:352.21,354.10 1 0
dnstool/go-server/internal/templates/funcs.go:355.9,356.26 2 0
dnstool/go-server/internal/templates/funcs.go:356.26,358.10 1 0
dnstool/go-server/internal/templates/funcs.go:359.9,359.20 1 0
dnstool/go-server/internal/templates/funcs.go:362.57,363.31 1 0
dnstool/go-server/internal/templates/funcs.go:363.31,365.10 1 0
dnstool/go-server/internal/templates/funcs.go:366.9,367.45 2 0
dnstool/go-server/internal/templates/funcs.go:367.45,369.24 2 0
dnstool/go-server/internal/templates/funcs.go:369.24,370.33 1 0
dnstool/go-server/internal/templates/funcs.go:372.17,372.37 1 0
dnstool/go-server/internal/templates/funcs.go:374.9,374.17 1 0
dnstool/go-server/internal/templates/funcs.go:377.32,380.2 2 0
dnstool/go-server/internal/templates/funcs.go:382.50,383.21 1 0
dnstool/go-server/internal/templates/funcs.go:383.21,385.10 1 0
dnstool/go-server/internal/templates/funcs.go:386.9,387.16 2 0
dnstool/go-server/internal/templates/funcs.go:387.16,389.10 1 0
dnstool/go-server/internal/templates/funcs.go:390.9,390.17 1 0
dnstool/go-server/internal/templates/funcs.go:393.34,407.2 1 1
dnstool/go-server/internal/templates/funcs.go:409.53,411.2 1 0
dnstool/go-server/internal/templates/funcs.go:413.32,415.39 2 0
dnstool/go-server/internal/templates/funcs.go:415.39,417.10 1 0
dnstool/go-server/internal/templates/funcs.go:418.9,418.22 1 0
dnstool/go-server/internal/templates/funcs.go:421.34,422.25 1 0
dnstool/go-server/internal/templates/funcs.go:423.56,424.28 1 0
dnstool/go-server/internal/templates/funcs.go:425.17,426.29 1 0
dnstool/go-server/internal/templates/funcs.go:430.58,431.28 1 0
dnstool/go-server/internal/templates/funcs.go:431.28,433.10 1 0
dnstool/go-server/internal/templates/funcs.go:434.9,434.25 1 0
dnstool/go-server/internal/templates/funcs.go:437.53,438.33 1 0
dnstool/go-server/internal/templates/funcs.go:438.33,440.10 1 0
dnstool/go-server/internal/templates/funcs.go:441.9,441.20 1 0
dnstool/go-server/internal/templates/funcs.go:444.31,445.30 1 0
dnstool/go-server/internal/templates/funcs.go:446.18,447.25 1 0
dnstool/go-server/internal/templates/funcs.go:448.20,449.30 1 0
dnstool/go-server/internal/templates/funcs.go:450.20,451.30 1 0
dnstool/go-server/internal/templates/funcs.go:452.22,453.30 1 0
dnstool/go-server/internal/templates/funcs.go:454.22,455.30 1 0
dnstool/go-server/internal/templates/funcs.go:456.17,457.25 1 0
dnstool/go-server/internal/templates/funcs.go:461.44,462.21 1 0
dnstool/go-server/internal/templates/funcs.go:462.21,464.10 1 0
dnstool/go-server/internal/templates/funcs.go:465.9,465.30 1 0
dnstool/go-server/internal/templates/funcs.go:466.23,467.25 1 0
dnstool/go-server/internal/templates/funcs.go:468.28,470.40 2 0
dnstool/go-server/internal/templates/funcs.go:470.40,471.57 1 0
dnstool/go-server/internal/templates/funcs.go:471.57,473.26 1 0
dnstool/go-server/internal/templates/funcs.go:475.17,475.30 1 0
dnstool/go-server/internal/templates/funcs.go:476.17,477.27 1 0
dnstool/go-server/internal/templates/funcs.go:481.57,482.21 1 0
dnstool/go-server/internal/templates/funcs.go:482.21,484.10 1 0
dnstool/go-server/internal/templates/funcs.go:485.9,485.30 1 0
dnstool/go-server/internal/templates/funcs.go:486.39,487.25 1 0
dnstool/go-server/internal/templates/funcs.go:488.28,490.40 2 0
dnstool/go-server/internal/templates/funcs.go:490.40,491.71 1 0
dnstool/go-server/internal/templates/funcs.go:491.71,493.26 1 0
dnstool/go-server/internal/templates/funcs.go:495.17,495.30 1 0
dnstool/go-server/internal/templates/funcs.go:496.17,497.27 1 0
dnstool/go-server/internal/templates/funcs.go:501.36,512.2 1 1
dnstool/go-server/internal/templates/funcs.go:514.36,515.25 1 1
dnstool/go-server/internal/templates/funcs.go:518.34,519.28 1 1
dnstool/go-server/internal/templates/funcs.go:520.17,521.29 1 1
dnstool/go-server/internal/templates/funcs.go:525.39,526.41 1 1
dnstool/go-server/internal/templates/funcs.go:526.41,528.10 1 1
dnstool/go-server/internal/templates/funcs.go:529.9,529.33 1 1
dnstool/go-server/internal/templates/funcs.go:529.33,531.10 1 1
dnstool/go-server/internal/templates/funcs.go:532.9,532.60 1 1
dnstool/go-server/internal/templates/funcs.go:535.57,536.35 1 1
dnstool/go-server/internal/templates/funcs.go:536.35,537.42 1 1
dnstool/go-server/internal/templates/funcs.go:537.42,539.18 1 1
dnstool/go-server/internal/templates/funcs.go:541.9,541.21 1 1
dnstool/go-server/internal/templates/funcs.go:544.36,544.63 1 1
dnstool/go-server/internal/templates/funcs.go:546.36,546.74 1 1
dnstool/go-server/internal/templates/funcs.go:547.36,547.75 1 0
dnstool/go-server/internal/templates/funcs.go:548.36,548.74 1 1
dnstool/go-server/internal/templates/funcs.go:549.36,549.75 1 0
dnstool/go-server/internal/templates/funcs.go:550.36,550.75 1 1
dnstool/go-server/internal/templates/funcs.go:551.36,551.75 1 1
dnstool/go-server/internal/templates/funcs.go:552.36,552.55 1 0
dnstool/go-server/internal/templates/funcs.go:553.36,553.55 1 0
dnstool/go-server/internal/templates/funcs.go:555.56,556.23 1 0
dnstool/go-server/internal/templates/funcs.go:556.23,558.10 1 0
dnstool/go-server/internal/templates/funcs.go:559.9,559.49 1 0
dnstool/go-server/internal/templates/funcs.go:559.49,561.10 1 0
dnstool/go-server/internal/templates/funcs.go:562.9,562.19 1 0
dnstool/go-server/internal/templates/funcs.go:565.48,566.32 1 0
dnstool/go-server/internal/templates/funcs.go:566.32,567.29 1 0
dnstool/go-server/internal/templates/funcs.go:567.29,568.33 1 0
dnstool/go-server/internal/templates/funcs.go:570.17,570.55 1 0
dnstool/go-server/internal/templates/funcs.go:570.55,571.33 1 0
dnstool/go-server/internal/templates/funcs.go:573.17,573.25 1 0
dnstool/go-server/internal/templates/funcs.go:575.9,575.19 1 0
dnstool/go-server/internal/templates/funcs.go:578.41,593.2 1 1
dnstool/go-server/internal/templates/funcs.go:616.45,617.70 1 0
dnstool/go-server/internal/templates/funcs.go:617.70,619.10 1 0
dnstool/go-server/internal/templates/funcs.go:620.9,620.30 1 0
dnstool/go-server/internal/templates/funcs.go:623.40,624.65 1 0
dnstool/go-server/internal/templates/funcs.go:624.65,626.10 1 0
dnstool/go-server/internal/templates/funcs.go:627.9,627.27 1 0
dnstool/go-server/internal/templates/funcs.go:630.38,631.27 1 0
dnstool/go-server/internal/templates/funcs.go:631.27,633.10 1 0
dnstool/go-server/internal/templates/funcs.go:634.9,637.38 4 0
dnstool/go-server/internal/templates/funcs.go:640.36,642.2 1 0
dnstool/go-server/internal/templates/funcs.go:644.52,646.2 1 0
dnstool/go-server/internal/templates/funcs.go:648.35,650.23 2 0
dnstool/go-server/internal/templates/funcs.go:650.23,652.10 1 0
dnstool/go-server/internal/templates/funcs.go:653.9,653.25 1 0
dnstool/go-server/internal/templates/funcs.go:656.34,657.21 1 0
dnstool/go-server/internal/templates/funcs.go:657.21,659.10 1 0
dnstool/go-server/internal/templates/funcs.go:660.9,661.15 2 0
dnstool/go-server/internal/templates/funcs.go:661.15,663.10 1 0
dnstool/go-server/internal/templates/funcs.go:664.9,664.36 1 0
dnstool/go-server/internal/templates/funcs.go:667.67,669.19 2 0
dnstool/go-server/internal/templates/funcs.go:669.19,671.10 1 0
dnstool/go-server/internal/templates/funcs.go:672.9,672.22 1 0
dnstool/go-server/internal/templates/funcs.go:675.42,678.2 2 0
dnstool/go-server/internal/templates/funcs.go:680.38,694.2 1 1
dnstool/go-server/internal/templates/funcs.go:714.45,715.70 1 0
dnstool/go-server/internal/templates/funcs.go:715.70,717.10 1 0
dnstool/go-server/internal/templates/funcs.go:718.9,718.34 1 0
dnstool/go-server/internal/templates/funcs.go:721.46,722.71 1 0
dnstool/go-server/internal/templates/funcs.go:722.71,724.10 1 0
dnstool/go-server/internal/templates/funcs.go:725.9,725.27 1 0
dnstool/go-server/internal/templates/funcs.go:728.39,729.30 1 1
dnstool/go-server/internal/templates/funcs.go:730.18,731.34 1 1
dnstool/go-server/internal/templates/funcs.go:732.19,733.34 1 0
dnstool/go-server/internal/templates/funcs.go:734.20,735.34 1 0
dnstool/go-server/internal/templates/funcs.go:736.20,737.34 1 1
dnstool/go-server/internal/templates/funcs.go:738.20,739.34 1 1
dnstool/go-server/internal/templates/funcs.go:740.19,741.34 1 1
dnstool/go-server/internal/templates/funcs.go:742.20,743.34 1 0
dnstool/go-server/internal/templates/funcs.go:744.21,745.34 1 0
dnstool/go-server/internal/templates/funcs.go:746.21,747.34 1 0
dnstool/go-server/internal/templates/funcs.go:748.21,749.34 1 0
dnstool/go-server/internal/templates/funcs.go:750.22,751.34 1 1
dnstool/go-server/internal/templates/funcs.go:752.22,753.25 1 1
dnstool/go-server/internal/templates/funcs.go:754.21,755.68 1 1
dnstool/go-server/internal/templates/funcs.go:755.68,757.18 1 1
dnstool/go-server/internal/templates/funcs.go:758.17,758.25 1 1
dnstool/go-server/internal/templates/funcs.go:759.17,760.25 1 1
dnstool/go-server/internal/zoneparse/drift.go:41.88,56.34 7 0
dnstool/go-server/internal/zoneparse/drift.go:56.34,57.41 1 0
dnstool/go-server/internal/zoneparse/drift.go:57.41,58.29 1 0
dnstool/go-server/internal/zoneparse/drift.go:58.29,67.5 1 0
dnstool/go-server/internal/zoneparse/drift.go:71.2,71.34 1 0
dnstool/go-server/internal/zoneparse/drift.go:71.34,72.41 1 0
dnstool/go-server/internal/zoneparse/drift.go:72.41,73.29 1 0
dnstool/go-server/internal/zoneparse/drift.go:73.29,82.5 1 0
dnstool/go-server/internal/zoneparse/drift.go:86.2,86.34 1 0
dnstool/go-server/internal/zoneparse/drift.go:86.34,88.14 2 0
dnstool/go-server/internal/zoneparse/drift.go:88.14,89.12 1 0
dnstool/go-server/internal/zoneparse/drift.go:92.3,93.28 2 0
dnstool/go-server/internal/zoneparse/drift.go:93.28,95.4 1 0
dnstool/go-server/internal/zoneparse/drift.go:96.3,97.28 2 0
dnstool/go-server/internal/zoneparse/drift.go:97.28,99.4 1 0
dnstool/go-server/internal/zoneparse/drift.go:101.3,101.37 1 0
dnstool/go-server/internal/zoneparse/drift.go:101.37,102.45 1 0
dnstool/go-server/internal/zoneparse/drift.go:102.45,103.21 1 0
dnstool/go-server/internal/zoneparse/drift.go:103.21,116.6 3 0
dnstool/go-server/internal/zoneparse/drift.go:117.10,121.30 4 0
dnstool/go-server/internal/zoneparse/drift.go:121.30,123.6 1 0
dnstool/go-server/internal/zoneparse/drift.go:124.5,132.7 1 0
dnstool/go-server/internal/zoneparse/drift.go:137.2,138.15 2 0
dnstool/go-server/internal/zoneparse/drift.go:141.71,143.28 2 0
dnstool/go-server/internal/zoneparse/drift.go:143.28,146.3 2 0
dnstool/go-server/internal/zoneparse/drift.go:147.2,147.10 1 0
dnstool/go-server/internal/zoneparse/drift.go:150.38,154.2 3 0
dnstool/go-server/internal/zoneparse/drift.go:156.64,160.18 3 0
dnstool/go-server/internal/zoneparse/drift.go:160.18,162.3 1 0
dnstool/go-server/internal/zoneparse/drift.go:164.2,166.45 3 0
dnstool/go-server/internal/zoneparse/drift.go:166.45,168.3 1 0
dnstool/go-server/internal/zoneparse/drift.go:169.2,172.36 3 0
dnstool/go-server/internal/zoneparse/drift.go:172.36,173.35 1 0
dnstool/go-server/internal/zoneparse/drift.go:173.35,174.35 1 0
dnstool/go-server/internal/zoneparse/drift.go:174.35,175.27 1 0
dnstool/go-server/internal/zoneparse/drift.go:175.27,176.44 1 0
dnstool/go-server/internal/zoneparse/drift.go:176.44,184.7 1 0
dnstool/go-server/internal/zoneparse/drift.go:190.2,190.35 1 0
dnstool/go-server/internal/zoneparse/drift.go:190.35,191.36 1 0
dnstool/go-server/internal/zoneparse/drift.go:191.36,192.26 1 0
dnstool/go-server/internal/zoneparse/drift.go:192.26,193.43 1 0
dnstool/go-server/internal/zoneparse/drift.go:193.43,201.6 1 0
dnstool/go-server/internal/zoneparse/drift.go:206.2,206.37 1 0
dnstool/go-server/internal/zoneparse/drift.go:206.37,207.37 1 0
dnstool/go-server/internal/zoneparse/drift.go:207.37,208.26 1 0
dnstool/go-server/internal/zoneparse/drift.go:208.26,209.43 1 0
dnstool/go-server/internal/zoneparse/drift.go:209.43,217.6 1 0
dnstool/go-server/internal/zoneparse/drift.go:222.2,222.37 1 0
dnstool/go-server/internal/zoneparse/drift.go:222.37,223.37 1 0
dnstool/go-server/internal/zoneparse/drift.go:223.37,224.26 1 0
dnstool/go-server/internal/zoneparse/drift.go:224.26,225.43 1 0
dnstool/go-server/internal/zoneparse/drift.go:225.43,233.6 1 0
dnstool/go-server/internal/zoneparse/drift.go:238.2,238.37 1 0
dnstool/go-server/internal/zoneparse/drift.go:238.37,239.37 1 0
dnstool/go-server/internal/zoneparse/drift.go:239.37,240.26 1 0
dnstool/go-server/internal/zoneparse/drift.go:240.26,241.43 1 0
dnstool/go-server/internal/zoneparse/drift.go:241.43,249.6 1 0
dnstool/go-server/internal/zoneparse/drift.go:254.2,254.16 1 0
dnstool/go-server/internal/zoneparse/drift.go:257.60,259.45 2 0
dnstool/go-server/internal/zoneparse/drift.go:259.45,260.41 1 0
dnstool/go-server/internal/zoneparse/drift.go:260.41,261.24 1 0
dnstool/go-server/internal/zoneparse/drift.go:261.24,262.33 1 0
dnstool/go-server/internal/zoneparse/drift.go:262.33,264.6 1 0
dnstool/go-server/internal/zoneparse/drift.go:268.2,268.13 1 0
dnstool/go-server/internal/zoneparse/parser.go:32.78,34.16 2 0
dnstool/go-server/internal/zoneparse/parser.go:34.16,36.3 1 0
dnstool/go-server/internal/zoneparse/parser.go:38.2,41.53 3 0
dnstool/go-server/internal/zoneparse/parser.go:41.53,43.3 1 0
dnstool/go-server/internal/zoneparse/parser.go:45.2,50.50 4 0
dnstool/go-server/internal/zoneparse/parser.go:50.50,60.23 5 0
dnstool/go-server/internal/zoneparse/parser.go:60.23,62.4 1 0
dnstool/go-server/internal/zoneparse/parser.go:63.3,64.33 2 0
dnstool/go-server/internal/zoneparse/parser.go:67.2,67.33 1 0
dnstool/go-server/internal/zoneparse/parser.go:67.33,69.3 1 0
dnstool/go-server/internal/zoneparse/parser.go:71.2,72.38 2 0
dnstool/go-server/internal/zoneparse/parser.go:72.38,73.29 1 0
dnstool/go-server/internal/zoneparse/parser.go:73.29,74.23 1 0
dnstool/go-server/internal/zoneparse/parser.go:74.23,76.10 2 0
dnstool/go-server/internal/zoneparse/parser.go:79.3,79.19 1 0
dnstool/go-server/internal/zoneparse/parser.go:79.19,81.4 1 0
dnstool/go-server/internal/zoneparse/parser.go:84.2,84.42 1 0
dnstool/go-server/internal/zoneparse/parser.go:84.42,85.41 1 0
dnstool/go-server/internal/zoneparse/parser.go:85.41,87.4 1 0
dnstool/go-server/internal/zoneparse/parser.go:88.3,88.43 1 0
dnstool/go-server/internal/zoneparse/parser.go:91.2,99.25 2 0
dnstool/go-server/internal/telemetry/cache.go:34.83,45.2 3 1
dnstool/go-server/internal/telemetry/cache.go:47.49,52.9 4 1
dnstool/go-server/internal/telemetry/cache.go:52.9,58.3 5 1
dnstool/go-server/internal/telemetry/cache.go:60.2,60.39 1 1
dnstool/go-server/internal/telemetry/cache.go:60.39,67.3 6 1
dnstool/go-server/internal/telemetry/cache.go:69.2,73.26 4 1
dnstool/go-server/internal/telemetry/cache.go:76.48,80.31 3 1
dnstool/go-server/internal/telemetry/cache.go:80.31,82.3 1 1
dnstool/go-server/internal/telemetry/cache.go:84.2,87.3 1 1
dnstool/go-server/internal/telemetry/cache.go:90.42,96.15 5 1
dnstool/go-server/internal/telemetry/cache.go:96.15,98.3 1 1
dnstool/go-server/internal/telemetry/cache.go:100.2,107.3 1 1
dnstool/go-server/internal/telemetry/cache.go:110.37,115.34 4 1
dnstool/go-server/internal/telemetry/cache.go:115.34,116.50 1 1
dnstool/go-server/internal/telemetry/cache.go:116.50,120.4 3 1
dnstool/go-server/internal/telemetry/cache.go:123.2,123.12 1 1
dnstool/go-server/internal/telemetry/cache.go:123.12,125.3 1 1
dnstool/go-server/internal/telemetry/cache.go:128.37,131.21 3 1
dnstool/go-server/internal/telemetry/cache.go:131.21,134.35 3 0
dnstool/go-server/internal/telemetry/cache.go:134.35,135.34 1 0
dnstool/go-server/internal/telemetry/cache.go:135.34,137.5 1 0
dnstool/go-server/internal/telemetry/cache.go:139.3,139.16 1 0
dnstool/go-server/internal/telemetry/cache.go:143.38,144.12 1 1
dnstool/go-server/internal/telemetry/cache.go:144.12,146.3 1 1
dnstool/go-server/internal/telemetry/cache.go:147.2,147.29 1 1
dnstool/go-server/internal/telemetry/cache.go:150.43,152.11 2 1
dnstool/go-server/internal/telemetry/cache.go:152.11,154.3 1 0
dnstool/go-server/internal/telemetry/cache.go:156.2,157.28 2 1
dnstool/go-server/internal/telemetry/cache.go:157.28,159.3 1 1
dnstool/go-server/internal/telemetry/cache.go:160.2,166.18 5 1
dnstool/go-server/internal/telemetry/cache.go:166.18,168.3 1 0
dnstool/go-server/internal/telemetry/cache.go:168.8,169.19 1 1
dnstool/go-server/internal/telemetry/cache.go:169.19,172.4 2 1
dnstool/go-server/internal/telemetry/cache.go:175.2,175.14 1 1
dnstool/go-server/internal/telemetry/cache.go:175.14,178.29 3 1
dnstool/go-server/internal/telemetry/cache.go:178.29,181.4 2 1
dnstool/go-server/internal/telemetry/cache.go:182.3,182.10 1 1
dnstool/go-server/internal/telemetry/cache.go:185.2,185.10 1 1
dnstool/go-server/internal/telemetry/telemetry.go:63.30,67.2 1 1
dnstool/go-server/internal/telemetry/telemetry.go:69.55,73.15 4 1
dnstool/go-server/internal/telemetry/telemetry.go:73.15,75.10 1 1
dnstool/go-server/internal/telemetry/telemetry.go:77.9,79.42 3 1
dnstool/go-server/internal/telemetry/telemetry.go:79.42,81.10 1 0
dnstool/go-server/internal/telemetry/telemetry.go:82.9,87.17 3 1
dnstool/go-server/internal/telemetry/telemetry.go:90.70,105.46 13 1
dnstool/go-server/internal/telemetry/telemetry.go:105.46,108.10 2 1
dnstool/go-server/internal/telemetry/telemetry.go:111.55,123.50 10 1
dnstool/go-server/internal/telemetry/telemetry.go:123.50,129.10 2 1
dnstool/go-server/internal/telemetry/telemetry.go:132.49,136.16 4 1
dnstool/go-server/internal/telemetry/telemetry.go:136.16,138.10 1 0
dnstool/go-server/internal/telemetry/telemetry.go:140.9,142.37 3 1
dnstool/go-server/internal/telemetry/telemetry.go:142.37,144.10 1 1
dnstool/go-server/internal/telemetry/telemetry.go:145.9,145.50 1 1
dnstool/go-server/internal/telemetry/telemetry.go:148.56,153.2 4 1
dnstool/go-server/internal/telemetry/telemetry.go:155.47,158.39 3 1
dnstool/go-server/internal/telemetry/telemetry.go:158.39,160.10 1 1
dnstool/go-server/internal/telemetry/telemetry.go:161.9,164.36 3 1
dnstool/go-server/internal/telemetry/telemetry.go:164.36,166.10 1 1
dnstool/go-server/internal/telemetry/telemetry.go:167.9,167.21 1 1
dnstool/go-server/internal/telemetry/telemetry.go:170.42,180.38 2 1
dnstool/go-server/internal/telemetry/telemetry.go:180.38,183.10 2 1
dnstool/go-server/internal/telemetry/telemetry.go:184.9,184.36 1 1
dnstool/go-server/internal/telemetry/telemetry.go:184.36,187.10 2 1
dnstool/go-server/internal/telemetry/telemetry.go:189.9,189.16 1 1
dnstool/go-server/internal/telemetry/telemetry.go:190.53,191.36 1 1
dnstool/go-server/internal/telemetry/telemetry.go:192.52,193.35 1 1
dnstool/go-server/internal/telemetry/telemetry.go:194.17,195.34 1 1
dnstool/go-server/internal/telemetry/telemetry.go:198.9,199.69 2 1
dnstool/go-server/internal/telemetry/telemetry.go:199.69,203.10 3 1
dnstool/go-server/internal/telemetry/telemetry.go:205.9,206.26 2 1
dnstool/go-server/internal/telemetry/telemetry.go:206.26,208.10 1 1
dnstool/go-server/internal/telemetry/telemetry.go:209.9,209.22 1 1
dnstool/go-server/internal/telemetry/telemetry.go:209.22,215.10 5 1
dnstool/go-server/internal/telemetry/telemetry.go:217.9,217.17 1 1
dnstool/go-server/internal/telemetry/telemetry.go:220.40,221.27 1 1
dnstool/go-server/internal/telemetry/telemetry.go:221.27,223.10 1 0
dnstool/go-server/internal/telemetry/telemetry.go:224.9,225.32 2 1
dnstool/go-server/internal/telemetry/telemetry.go:225.32,227.10 1 1
dnstool/go-server/internal/telemetry/telemetry.go:228.9,228.40 1 1
